<?xml version="1.0" encoding="UTF-8"?>
<testsuite name="tourGuide.tripPricerAPI.service.TripPricerApiServiceTest" tests="2" skipped="0" failures="0" errors="0" timestamp="2021-09-23T12:31:54" hostname="PO531436" time="0.033">
  <properties/>
  <testcase name="getProviderName()" classname="tourGuide.tripPricerAPI.service.TripPricerApiServiceTest" time="0.016"/>
  <testcase name="getPrice()" classname="tourGuide.tripPricerAPI.service.TripPricerApiServiceTest" time="0.012"/>
  <system-out><![CDATA[2021-09-23 14:31:48.323  INFO 21864 --- [    Test worker] .b.t.c.SpringBootTestContextBootstrapper : Neither @ContextConfiguration nor @ContextHierarchy found for test class [tourGuide.tripPricerAPI.service.TripPricerApiServiceTest], using SpringBootContextLoader
2021-09-23 14:31:48.325  INFO 21864 --- [    Test worker] o.s.t.c.support.AbstractContextLoader    : Could not detect default resource locations for test class [tourGuide.tripPricerAPI.service.TripPricerApiServiceTest]: no resource found for suffixes {-context.xml, Context.groovy}.
2021-09-23 14:31:48.326  INFO 21864 --- [    Test worker] t.c.s.AnnotationConfigContextLoaderUtils : Could not detect default configuration classes for test class [tourGuide.tripPricerAPI.service.TripPricerApiServiceTest]: TripPricerApiServiceTest does not declare any static, non-private, non-final, nested classes annotated with @Configuration.
2021-09-23 14:31:48.329  INFO 21864 --- [    Test worker] .b.t.c.SpringBootTestContextBootstrapper : Found @SpringBootConfiguration tourGuide.tripPricerAPI.TripPricerApiApplication for test class tourGuide.tripPricerAPI.service.TripPricerApiServiceTest
2021-09-23 14:31:48.334  INFO 21864 --- [    Test worker] .b.t.c.SpringBootTestContextBootstrapper : Loaded default TestExecutionListener class names from location [META-INF/spring.factories]: [org.springframework.boot.test.autoconfigure.restdocs.RestDocsTestExecutionListener, org.springframework.boot.test.autoconfigure.web.client.MockRestServiceServerResetTestExecutionListener, org.springframework.boot.test.autoconfigure.web.servlet.MockMvcPrintOnlyOnFailureTestExecutionListener, org.springframework.boot.test.autoconfigure.web.servlet.WebDriverTestExecutionListener, org.springframework.boot.test.autoconfigure.webservices.client.MockWebServiceServerTestExecutionListener, org.springframework.boot.test.mock.mockito.MockitoTestExecutionListener, org.springframework.boot.test.mock.mockito.ResetMocksTestExecutionListener, org.springframework.test.context.web.ServletTestExecutionListener, org.springframework.test.context.support.DirtiesContextBeforeModesTestExecutionListener, org.springframework.test.context.event.ApplicationEventsTestExecutionListener, org.springframework.test.context.support.DependencyInjectionTestExecutionListener, org.springframework.test.context.support.DirtiesContextTestExecutionListener, org.springframework.test.context.transaction.TransactionalTestExecutionListener, org.springframework.test.context.jdbc.SqlScriptsTestExecutionListener, org.springframework.test.context.event.EventPublishingTestExecutionListener]
2021-09-23 14:31:48.337  INFO 21864 --- [    Test worker] .b.t.c.SpringBootTestContextBootstrapper : Using TestExecutionListeners: [org.springframework.test.context.web.ServletTestExecutionListener@6e06ffcf, org.springframework.test.context.support.DirtiesContextBeforeModesTestExecutionListener@85b2e37, org.springframework.test.context.event.ApplicationEventsTestExecutionListener@11c0d919, org.springframework.boot.test.mock.mockito.MockitoTestExecutionListener@60168f86, org.springframework.boot.test.autoconfigure.SpringBootDependencyInjectionTestExecutionListener@39b7fccc, org.springframework.test.context.support.DirtiesContextTestExecutionListener@68cc475b, org.springframework.test.context.event.EventPublishingTestExecutionListener@7fd3534a, org.springframework.boot.test.autoconfigure.restdocs.RestDocsTestExecutionListener@2b6d8989, org.springframework.boot.test.autoconfigure.web.client.MockRestServiceServerResetTestExecutionListener@2dba51b4, org.springframework.boot.test.autoconfigure.web.servlet.MockMvcPrintOnlyOnFailureTestExecutionListener@27463dc7, org.springframework.boot.test.autoconfigure.web.servlet.WebDriverTestExecutionListener@42ea7366, org.springframework.boot.test.autoconfigure.webservices.client.MockWebServiceServerTestExecutionListener@50c8b73, org.springframework.boot.test.mock.mockito.ResetMocksTestExecutionListener@7ac44d97]

  .   ____          _            __ _ _
 /\\ / ___'_ __ _ _(_)_ __  __ _ \ \ \ \
( ( )\___ | '_ | '_| | '_ \/ _` | \ \ \ \
 \\/  ___)| |_)| | | | | || (_| |  ) ) ) )
  '  |____| .__|_| |_|_| |_\__, | / / / /
 =========|_|==============|___/=/_/_/_/
 :: Spring Boot ::                (v2.5.4)

2021-09-23 14:31:48.454  INFO 21864 --- [    Test worker] t.t.service.TripPricerApiServiceTest     : Starting TripPricerApiServiceTest using Java 1.8.0_151 on PO531436 with PID 21864 (started by S562587 in C:\Git\P8-TripPricerAPI)
2021-09-23 14:31:48.457 DEBUG 21864 --- [    Test worker] t.t.service.TripPricerApiServiceTest     : Running with Spring Boot v2.5.4, Spring v5.3.9
2021-09-23 14:31:48.460  INFO 21864 --- [    Test worker] t.t.service.TripPricerApiServiceTest     : No active profile set, falling back to default profiles: default
2021-09-23 14:31:54.382  INFO 21864 --- [    Test worker] t.t.service.TripPricerApiServiceTest     : Started TripPricerApiServiceTest in 6.035 seconds (JVM running for 21.494)
2021-09-23 14:31:54.399 DEBUG 21864 --- [    Test worker] t.t.service.TripPricerApiService         : Service getPrice called
2021-09-23 14:31:54.417 DEBUG 21864 --- [    Test worker] t.t.service.TripPricerApiService         : Service getPrice called
]]></system-out>
  <system-err><![CDATA[]]></system-err>
</testsuite>
