<?xml version="1.0" encoding="UTF-8"?>
<testsuite name="tourGuide.tripPricerAPI.controller.TripPricerApiControllerTest" tests="2" skipped="0" failures="0" errors="0" timestamp="2021-09-23T12:31:42" hostname="PO531436" time="0.793">
  <properties/>
  <testcase name="getProviderName()" classname="tourGuide.tripPricerAPI.controller.TripPricerApiControllerTest" time="0.605"/>
  <testcase name="getPrice()" classname="tourGuide.tripPricerAPI.controller.TripPricerApiControllerTest" time="0.185"/>
  <system-out><![CDATA[14:31:36.067 [Test worker] DEBUG org.springframework.test.context.BootstrapUtils - Instantiating CacheAwareContextLoaderDelegate from class [org.springframework.test.context.cache.DefaultCacheAwareContextLoaderDelegate]
14:31:36.131 [Test worker] DEBUG org.springframework.test.context.BootstrapUtils - Instantiating BootstrapContext using constructor [public org.springframework.test.context.support.DefaultBootstrapContext(java.lang.Class,org.springframework.test.context.CacheAwareContextLoaderDelegate)]
14:31:36.264 [Test worker] DEBUG org.springframework.test.context.BootstrapUtils - Instantiating TestContextBootstrapper for test class [tourGuide.tripPricerAPI.controller.TripPricerApiControllerTest] from class [org.springframework.boot.test.autoconfigure.web.servlet.WebMvcTestContextBootstrapper]
14:31:36.310 [Test worker] INFO org.springframework.boot.test.autoconfigure.web.servlet.WebMvcTestContextBootstrapper - Neither @ContextConfiguration nor @ContextHierarchy found for test class [tourGuide.tripPricerAPI.controller.TripPricerApiControllerTest], using SpringBootContextLoader
14:31:36.327 [Test worker] DEBUG org.springframework.test.context.support.AbstractContextLoader - Did not detect default resource location for test class [tourGuide.tripPricerAPI.controller.TripPricerApiControllerTest]: class path resource [tourGuide/tripPricerAPI/controller/TripPricerApiControllerTest-context.xml] does not exist
14:31:36.328 [Test worker] DEBUG org.springframework.test.context.support.AbstractContextLoader - Did not detect default resource location for test class [tourGuide.tripPricerAPI.controller.TripPricerApiControllerTest]: class path resource [tourGuide/tripPricerAPI/controller/TripPricerApiControllerTestContext.groovy] does not exist
14:31:36.329 [Test worker] INFO org.springframework.test.context.support.AbstractContextLoader - Could not detect default resource locations for test class [tourGuide.tripPricerAPI.controller.TripPricerApiControllerTest]: no resource found for suffixes {-context.xml, Context.groovy}.
14:31:36.331 [Test worker] INFO org.springframework.test.context.support.AnnotationConfigContextLoaderUtils - Could not detect default configuration classes for test class [tourGuide.tripPricerAPI.controller.TripPricerApiControllerTest]: TripPricerApiControllerTest does not declare any static, non-private, non-final, nested classes annotated with @Configuration.
14:31:36.621 [Test worker] DEBUG org.springframework.test.context.support.ActiveProfilesUtils - Could not find an 'annotation declaring class' for annotation type [org.springframework.test.context.ActiveProfiles] and class [tourGuide.tripPricerAPI.controller.TripPricerApiControllerTest]
14:31:36.858 [Test worker] DEBUG org.springframework.context.annotation.ClassPathScanningCandidateComponentProvider - Identified candidate component class: file [C:\Git\P8-TripPricerAPI\build\classes\java\main\tourGuide\tripPricerAPI\TripPricerApiApplication.class]
14:31:36.861 [Test worker] INFO org.springframework.boot.test.context.SpringBootTestContextBootstrapper - Found @SpringBootConfiguration tourGuide.tripPricerAPI.TripPricerApiApplication for test class tourGuide.tripPricerAPI.controller.TripPricerApiControllerTest
14:31:36.868 [Test worker] DEBUG org.springframework.boot.test.autoconfigure.web.servlet.WebMvcTestContextBootstrapper - @TestExecutionListeners is not present for class [tourGuide.tripPricerAPI.controller.TripPricerApiControllerTest]: using defaults.
14:31:36.869 [Test worker] INFO org.springframework.boot.test.autoconfigure.web.servlet.WebMvcTestContextBootstrapper - Loaded default TestExecutionListener class names from location [META-INF/spring.factories]: [org.springframework.boot.test.autoconfigure.restdocs.RestDocsTestExecutionListener, org.springframework.boot.test.autoconfigure.web.client.MockRestServiceServerResetTestExecutionListener, org.springframework.boot.test.autoconfigure.web.servlet.MockMvcPrintOnlyOnFailureTestExecutionListener, org.springframework.boot.test.autoconfigure.web.servlet.WebDriverTestExecutionListener, org.springframework.boot.test.autoconfigure.webservices.client.MockWebServiceServerTestExecutionListener, org.springframework.boot.test.mock.mockito.MockitoTestExecutionListener, org.springframework.boot.test.mock.mockito.ResetMocksTestExecutionListener, org.springframework.test.context.web.ServletTestExecutionListener, org.springframework.test.context.support.DirtiesContextBeforeModesTestExecutionListener, org.springframework.test.context.event.ApplicationEventsTestExecutionListener, org.springframework.test.context.support.DependencyInjectionTestExecutionListener, org.springframework.test.context.support.DirtiesContextTestExecutionListener, org.springframework.test.context.transaction.TransactionalTestExecutionListener, org.springframework.test.context.jdbc.SqlScriptsTestExecutionListener, org.springframework.test.context.event.EventPublishingTestExecutionListener]
14:31:36.905 [Test worker] DEBUG org.springframework.boot.test.autoconfigure.web.servlet.WebMvcTestContextBootstrapper - Skipping candidate TestExecutionListener [org.springframework.test.context.transaction.TransactionalTestExecutionListener] due to a missing dependency. Specify custom listener classes or make the default listener classes and their required dependencies available. Offending class: [org/springframework/transaction/interceptor/TransactionAttributeSource]
14:31:36.907 [Test worker] DEBUG org.springframework.boot.test.autoconfigure.web.servlet.WebMvcTestContextBootstrapper - Skipping candidate TestExecutionListener [org.springframework.test.context.jdbc.SqlScriptsTestExecutionListener] due to a missing dependency. Specify custom listener classes or make the default listener classes and their required dependencies available. Offending class: [org/springframework/transaction/interceptor/TransactionAttribute]
14:31:36.908 [Test worker] INFO org.springframework.boot.test.autoconfigure.web.servlet.WebMvcTestContextBootstrapper - Using TestExecutionListeners: [org.springframework.test.context.web.ServletTestExecutionListener@7a730479, org.springframework.test.context.support.DirtiesContextBeforeModesTestExecutionListener@1e5b33e5, org.springframework.test.context.event.ApplicationEventsTestExecutionListener@654b899f, org.springframework.boot.test.mock.mockito.MockitoTestExecutionListener@71468613, org.springframework.boot.test.autoconfigure.SpringBootDependencyInjectionTestExecutionListener@13f4048e, org.springframework.test.context.support.DirtiesContextTestExecutionListener@5477d90e, org.springframework.test.context.event.EventPublishingTestExecutionListener@6dc9a56e, org.springframework.boot.test.autoconfigure.restdocs.RestDocsTestExecutionListener@287ad0da, org.springframework.boot.test.autoconfigure.web.client.MockRestServiceServerResetTestExecutionListener@1b19712f, org.springframework.boot.test.autoconfigure.web.servlet.MockMvcPrintOnlyOnFailureTestExecutionListener@714c74eb, org.springframework.boot.test.autoconfigure.web.servlet.WebDriverTestExecutionListener@510e4d79, org.springframework.boot.test.autoconfigure.webservices.client.MockWebServiceServerTestExecutionListener@2f0cab82, org.springframework.boot.test.mock.mockito.ResetMocksTestExecutionListener@7fcc3745]
14:31:36.918 [Test worker] DEBUG org.springframework.test.context.support.AbstractDirtiesContextTestExecutionListener - Before test class: context [DefaultTestContext@2c54c497 testClass = TripPricerApiControllerTest, testInstance = [null], testMethod = [null], testException = [null], mergedContextConfiguration = [WebMergedContextConfiguration@b788dc2 testClass = TripPricerApiControllerTest, locations = '{}', classes = '{class tourGuide.tripPricerAPI.TripPricerApiApplication}', contextInitializerClasses = '[]', activeProfiles = '{}', propertySourceLocations = '{}', propertySourceProperties = '{org.springframework.boot.test.autoconfigure.web.servlet.WebMvcTestContextBootstrapper=true}', contextCustomizers = set[org.springframework.boot.test.autoconfigure.OverrideAutoConfigurationContextCustomizerFactory$DisableAutoConfigurationContextCustomizer@6a09484c, org.springframework.boot.test.autoconfigure.actuate.metrics.MetricsExportContextCustomizerFactory$DisableMetricExportContextCustomizer@16d431b4, org.springframework.boot.test.autoconfigure.filter.TypeExcludeFiltersContextCustomizer@2f037ea9, org.springframework.boot.test.autoconfigure.properties.PropertyMappingContextCustomizer@f32db2d, org.springframework.boot.test.autoconfigure.web.servlet.WebDriverContextCustomizerFactory$Customizer@6cc48a17, [ImportsContextCustomizer@58ec8271 key = [org.springframework.boot.autoconfigure.cache.CacheAutoConfiguration, org.springframework.boot.autoconfigure.context.MessageSourceAutoConfiguration, org.springframework.boot.autoconfigure.data.web.SpringDataWebAutoConfiguration, org.springframework.boot.autoconfigure.freemarker.FreeMarkerAutoConfiguration, org.springframework.boot.autoconfigure.groovy.template.GroovyTemplateAutoConfiguration, org.springframework.boot.autoconfigure.gson.GsonAutoConfiguration, org.springframework.boot.autoconfigure.hateoas.HypermediaAutoConfiguration, org.springframework.boot.autoconfigure.http.HttpMessageConvertersAutoConfiguration, org.springframework.boot.autoconfigure.jackson.JacksonAutoConfiguration, org.springframework.boot.autoconfigure.jsonb.JsonbAutoConfiguration, org.springframework.boot.autoconfigure.mustache.MustacheAutoConfiguration, org.springframework.boot.autoconfigure.task.TaskExecutionAutoConfiguration, org.springframework.boot.autoconfigure.thymeleaf.ThymeleafAutoConfiguration, org.springframework.boot.autoconfigure.validation.ValidationAutoConfiguration, org.springframework.boot.autoconfigure.web.servlet.error.ErrorMvcAutoConfiguration, org.springframework.boot.autoconfigure.web.servlet.HttpEncodingAutoConfiguration, org.springframework.boot.autoconfigure.web.servlet.WebMvcAutoConfiguration, org.springframework.boot.test.autoconfigure.web.servlet.MockMvcAutoConfiguration, org.springframework.boot.test.autoconfigure.web.servlet.MockMvcWebClientAutoConfiguration, org.springframework.boot.test.autoconfigure.web.servlet.MockMvcWebDriverAutoConfiguration, org.springframework.boot.autoconfigure.security.oauth2.client.servlet.OAuth2ClientAutoConfiguration, org.springframework.boot.autoconfigure.security.oauth2.resource.servlet.OAuth2ResourceServerAutoConfiguration, org.springframework.boot.autoconfigure.security.servlet.SecurityAutoConfiguration, org.springframework.boot.autoconfigure.security.servlet.SecurityFilterAutoConfiguration, org.springframework.boot.autoconfigure.security.servlet.UserDetailsServiceAutoConfiguration, org.springframework.boot.test.autoconfigure.web.servlet.MockMvcSecurityConfiguration]], org.springframework.boot.test.context.filter.ExcludeFilterContextCustomizer@3dfd7eaa, org.springframework.boot.test.json.DuplicateJsonObjectContextCustomizerFactory$DuplicateJsonObjectContextCustomizer@1d60059f, org.springframework.boot.test.mock.mockito.MockitoContextCustomizer@e2ccbda5, org.springframework.boot.test.context.SpringBootTestArgs@1, org.springframework.boot.test.context.SpringBootTestWebEnvironment@0], resourceBasePath = 'src/main/webapp', contextLoader = 'org.springframework.boot.test.context.SpringBootContextLoader', parent = [null]], attributes = map[[empty]]], class annotated with @DirtiesContext [false] with mode [null].
14:31:37.034 [Test worker] DEBUG org.springframework.test.context.support.TestPropertySourceUtils - Adding inlined properties to environment: {spring.jmx.enabled=false, org.springframework.boot.test.autoconfigure.web.servlet.WebMvcTestContextBootstrapper=true}

  .   ____          _            __ _ _
 /\\ / ___'_ __ _ _(_)_ __  __ _ \ \ \ \
( ( )\___ | '_ | '_| | '_ \/ _` | \ \ \ \
 \\/  ___)| |_)| | | | | || (_| |  ) ) ) )
  '  |____| .__|_| |_|_| |_\__, | / / / /
 =========|_|==============|___/=/_/_/_/
 :: Spring Boot ::                (v2.5.4)

2021-09-23 14:31:38.068  INFO 21864 --- [    Test worker] t.t.c.TripPricerApiControllerTest        : Starting TripPricerApiControllerTest using Java 1.8.0_151 on PO531436 with PID 21864 (started by S562587 in C:\Git\P8-TripPricerAPI)
2021-09-23 14:31:38.071 DEBUG 21864 --- [    Test worker] t.t.c.TripPricerApiControllerTest        : Running with Spring Boot v2.5.4, Spring v5.3.9
2021-09-23 14:31:38.075  INFO 21864 --- [    Test worker] t.t.c.TripPricerApiControllerTest        : No active profile set, falling back to default profiles: default
2021-09-23 14:31:42.462  INFO 21864 --- [    Test worker] o.s.b.t.m.w.SpringBootMockServletContext : Initializing Spring TestDispatcherServlet ''
2021-09-23 14:31:42.462  INFO 21864 --- [    Test worker] o.s.t.web.servlet.TestDispatcherServlet  : Initializing Servlet ''
2021-09-23 14:31:42.466  INFO 21864 --- [    Test worker] o.s.t.web.servlet.TestDispatcherServlet  : Completed initialization in 4 ms
2021-09-23 14:31:42.528  INFO 21864 --- [    Test worker] t.t.c.TripPricerApiControllerTest        : Started TripPricerApiControllerTest in 5.473 seconds (JVM running for 9.64)
2021-09-23 14:31:42.810 DEBUG 21864 --- [    Test worker] t.t.controller.TripPricerApiController   : GET request /providerName received in TripPricerApiController

MockHttpServletRequest:
      HTTP Method = GET
      Request URI = /providerName
       Parameters = {apiKey=[api-key-001], adults=[2]}
          Headers = [Content-Type:"application/json;charset=UTF-8"]
             Body = null
    Session Attrs = {}

Handler:
             Type = tourGuide.tripPricerAPI.controller.TripPricerApiController
           Method = tourGuide.tripPricerAPI.controller.TripPricerApiController#getProviderName(String, int)

Async:
    Async started = false
     Async result = null

Resolved Exception:
             Type = null

ModelAndView:
        View name = null
             View = null
            Model = null

FlashMap:
       Attributes = null

MockHttpServletResponse:
           Status = 200
    Error message = null
          Headers = [Content-Type:"text/plain;charset=UTF-8", Content-Length:"7"]
     Content type = text/plain;charset=UTF-8
             Body = Giverny
    Forwarded URL = null
   Redirected URL = null
          Cookies = []
2021-09-23 14:31:43.174 DEBUG 21864 --- [    Test worker] t.t.controller.TripPricerApiController   : GET request /price received in TripPricerApiController

MockHttpServletRequest:
      HTTP Method = GET
      Request URI = /price
       Parameters = {apiKey=[api-key-001], attractionId=[19db0e04-0fc6-4dbf-b0c6-856533a3029d], adults=[2], children=[3], nightsStay=[2], rewardsPoints=[100]}
          Headers = [Content-Type:"application/json;charset=UTF-8"]
             Body = null
    Session Attrs = {}

Handler:
             Type = tourGuide.tripPricerAPI.controller.TripPricerApiController
           Method = tourGuide.tripPricerAPI.controller.TripPricerApiController#getPrice(String, UUID, int, int, int, int)

Async:
    Async started = false
     Async result = null

Resolved Exception:
             Type = null

ModelAndView:
        View name = null
             View = null
            Model = null

FlashMap:
       Attributes = null

MockHttpServletResponse:
           Status = 200
    Error message = null
          Headers = [Content-Type:"application/json"]
     Content type = application/json
             Body = [{"name":"DisneyLand Paris","price":65.5,"tripId":"bcec8325-fea4-4e65-89f8-3c10a7aa8862"},{"name":"Giverny","price":25.9,"tripId":"8da12021-38fc-406f-9c0b-b384b5eb0536"}]
    Forwarded URL = null
   Redirected URL = null
          Cookies = []
]]></system-out>
  <system-err><![CDATA[]]></system-err>
</testsuite>
