<?xml version="1.0" encoding="UTF-8"?>
<testsuite name="tourGuide.tripPricerAPI.service.TripPricerApiServiceIT" tests="2" skipped="0" failures="0" errors="0" timestamp="2021-09-23T12:31:47" hostname="PO531436" time="0.388">
  <properties/>
  <testcase name="getProviderName()" classname="tourGuide.tripPricerAPI.service.TripPricerApiServiceIT" time="0.027"/>
  <testcase name="getPrice()" classname="tourGuide.tripPricerAPI.service.TripPricerApiServiceIT" time="0.359"/>
  <system-out><![CDATA[2021-09-23 14:31:43.355  INFO 21864 --- [    Test worker] .b.t.c.SpringBootTestContextBootstrapper : Neither @ContextConfiguration nor @ContextHierarchy found for test class [tourGuide.tripPricerAPI.service.TripPricerApiServiceIT], using SpringBootContextLoader
2021-09-23 14:31:43.357  INFO 21864 --- [    Test worker] o.s.t.c.support.AbstractContextLoader    : Could not detect default resource locations for test class [tourGuide.tripPricerAPI.service.TripPricerApiServiceIT]: no resource found for suffixes {-context.xml, Context.groovy}.
2021-09-23 14:31:43.357  INFO 21864 --- [    Test worker] t.c.s.AnnotationConfigContextLoaderUtils : Could not detect default configuration classes for test class [tourGuide.tripPricerAPI.service.TripPricerApiServiceIT]: TripPricerApiServiceIT does not declare any static, non-private, non-final, nested classes annotated with @Configuration.
2021-09-23 14:31:43.386  INFO 21864 --- [    Test worker] .b.t.c.SpringBootTestContextBootstrapper : Found @SpringBootConfiguration tourGuide.tripPricerAPI.TripPricerApiApplication for test class tourGuide.tripPricerAPI.service.TripPricerApiServiceIT
2021-09-23 14:31:43.397  INFO 21864 --- [    Test worker] .b.t.c.SpringBootTestContextBootstrapper : Loaded default TestExecutionListener class names from location [META-INF/spring.factories]: [org.springframework.boot.test.autoconfigure.restdocs.RestDocsTestExecutionListener, org.springframework.boot.test.autoconfigure.web.client.MockRestServiceServerResetTestExecutionListener, org.springframework.boot.test.autoconfigure.web.servlet.MockMvcPrintOnlyOnFailureTestExecutionListener, org.springframework.boot.test.autoconfigure.web.servlet.WebDriverTestExecutionListener, org.springframework.boot.test.autoconfigure.webservices.client.MockWebServiceServerTestExecutionListener, org.springframework.boot.test.mock.mockito.MockitoTestExecutionListener, org.springframework.boot.test.mock.mockito.ResetMocksTestExecutionListener, org.springframework.test.context.web.ServletTestExecutionListener, org.springframework.test.context.support.DirtiesContextBeforeModesTestExecutionListener, org.springframework.test.context.event.ApplicationEventsTestExecutionListener, org.springframework.test.context.support.DependencyInjectionTestExecutionListener, org.springframework.test.context.support.DirtiesContextTestExecutionListener, org.springframework.test.context.transaction.TransactionalTestExecutionListener, org.springframework.test.context.jdbc.SqlScriptsTestExecutionListener, org.springframework.test.context.event.EventPublishingTestExecutionListener]
2021-09-23 14:31:43.400  INFO 21864 --- [    Test worker] .b.t.c.SpringBootTestContextBootstrapper : Using TestExecutionListeners: [org.springframework.test.context.web.ServletTestExecutionListener@151b7c03, org.springframework.test.context.support.DirtiesContextBeforeModesTestExecutionListener@14a28980, org.springframework.test.context.event.ApplicationEventsTestExecutionListener@6e71c9dc, org.springframework.boot.test.mock.mockito.MockitoTestExecutionListener@31d4c6c9, org.springframework.boot.test.autoconfigure.SpringBootDependencyInjectionTestExecutionListener@7fe14f94, org.springframework.test.context.support.DirtiesContextTestExecutionListener@7f8f2761, org.springframework.test.context.event.EventPublishingTestExecutionListener@1f502e65, org.springframework.boot.test.autoconfigure.restdocs.RestDocsTestExecutionListener@8a541c8, org.springframework.boot.test.autoconfigure.web.client.MockRestServiceServerResetTestExecutionListener@7d4d32a7, org.springframework.boot.test.autoconfigure.web.servlet.MockMvcPrintOnlyOnFailureTestExecutionListener@7b7fa640, org.springframework.boot.test.autoconfigure.web.servlet.WebDriverTestExecutionListener@65c29c4c, org.springframework.boot.test.autoconfigure.webservices.client.MockWebServiceServerTestExecutionListener@474b3a3d, org.springframework.boot.test.mock.mockito.ResetMocksTestExecutionListener@5387e079]

  .   ____          _            __ _ _
 /\\ / ___'_ __ _ _(_)_ __  __ _ \ \ \ \
( ( )\___ | '_ | '_| | '_ \/ _` | \ \ \ \
 \\/  ___)| |_)| | | | | || (_| |  ) ) ) )
  '  |____| .__|_| |_|_| |_\__, | / / / /
 =========|_|==============|___/=/_/_/_/
 :: Spring Boot ::                (v2.5.4)

2021-09-23 14:31:43.493  INFO 21864 --- [    Test worker] t.t.service.TripPricerApiServiceIT       : Starting TripPricerApiServiceIT using Java 1.8.0_151 on PO531436 with PID 21864 (started by S562587 in C:\Git\P8-TripPricerAPI)
2021-09-23 14:31:43.494 DEBUG 21864 --- [    Test worker] t.t.service.TripPricerApiServiceIT       : Running with Spring Boot v2.5.4, Spring v5.3.9
2021-09-23 14:31:43.498  INFO 21864 --- [    Test worker] t.t.service.TripPricerApiServiceIT       : No active profile set, falling back to default profiles: default
2021-09-23 14:31:47.913  INFO 21864 --- [    Test worker] t.t.service.TripPricerApiServiceIT       : Started TripPricerApiServiceIT in 4.508 seconds (JVM running for 15.025)
2021-09-23 14:31:47.933 DEBUG 21864 --- [    Test worker] t.t.service.TripPricerApiService         : Service getPrice called
2021-09-23 14:31:47.958 DEBUG 21864 --- [    Test worker] t.t.service.TripPricerApiService         : Service getPrice called
]]></system-out>
  <system-err><![CDATA[]]></system-err>
</testsuite>
