<?xml version="1.0" encoding="UTF-8"?>
<testsuite name="tourGuide.tripPricerAPI.TripPricerApiApplicationTests" tests="1" skipped="0" failures="0" errors="0" timestamp="2021-09-23T12:31:54" hostname="PO531436" time="0.01">
  <properties/>
  <testcase name="contextLoads()" classname="tourGuide.tripPricerAPI.TripPricerApiApplicationTests" time="0.01"/>
  <system-out><![CDATA[2021-09-23 14:31:54.429  INFO 21864 --- [    Test worker] .b.t.c.SpringBootTestContextBootstrapper : Neither @ContextConfiguration nor @ContextHierarchy found for test class [tourGuide.tripPricerAPI.TripPricerApiApplicationTests], using SpringBootContextLoader
2021-09-23 14:31:54.431  INFO 21864 --- [    Test worker] o.s.t.c.support.AbstractContextLoader    : Could not detect default resource locations for test class [tourGuide.tripPricerAPI.TripPricerApiApplicationTests]: no resource found for suffixes {-context.xml, Context.groovy}.
2021-09-23 14:31:54.431  INFO 21864 --- [    Test worker] t.c.s.AnnotationConfigContextLoaderUtils : Could not detect default configuration classes for test class [tourGuide.tripPricerAPI.TripPricerApiApplicationTests]: TripPricerApiApplicationTests does not declare any static, non-private, non-final, nested classes annotated with @Configuration.
2021-09-23 14:31:54.443  INFO 21864 --- [    Test worker] .b.t.c.SpringBootTestContextBootstrapper : Found @SpringBootConfiguration tourGuide.tripPricerAPI.TripPricerApiApplication for test class tourGuide.tripPricerAPI.TripPricerApiApplicationTests
2021-09-23 14:31:54.448  INFO 21864 --- [    Test worker] .b.t.c.SpringBootTestContextBootstrapper : Loaded default TestExecutionListener class names from location [META-INF/spring.factories]: [org.springframework.boot.test.autoconfigure.restdocs.RestDocsTestExecutionListener, org.springframework.boot.test.autoconfigure.web.client.MockRestServiceServerResetTestExecutionListener, org.springframework.boot.test.autoconfigure.web.servlet.MockMvcPrintOnlyOnFailureTestExecutionListener, org.springframework.boot.test.autoconfigure.web.servlet.WebDriverTestExecutionListener, org.springframework.boot.test.autoconfigure.webservices.client.MockWebServiceServerTestExecutionListener, org.springframework.boot.test.mock.mockito.MockitoTestExecutionListener, org.springframework.boot.test.mock.mockito.ResetMocksTestExecutionListener, org.springframework.test.context.web.ServletTestExecutionListener, org.springframework.test.context.support.DirtiesContextBeforeModesTestExecutionListener, org.springframework.test.context.event.ApplicationEventsTestExecutionListener, org.springframework.test.context.support.DependencyInjectionTestExecutionListener, org.springframework.test.context.support.DirtiesContextTestExecutionListener, org.springframework.test.context.transaction.TransactionalTestExecutionListener, org.springframework.test.context.jdbc.SqlScriptsTestExecutionListener, org.springframework.test.context.event.EventPublishingTestExecutionListener]
2021-09-23 14:31:54.454  INFO 21864 --- [    Test worker] .b.t.c.SpringBootTestContextBootstrapper : Using TestExecutionListeners: [org.springframework.test.context.web.ServletTestExecutionListener@7b7115c2, org.springframework.test.context.support.DirtiesContextBeforeModesTestExecutionListener@3cc7e061, org.springframework.test.context.event.ApplicationEventsTestExecutionListener@395be849, org.springframework.boot.test.mock.mockito.MockitoTestExecutionListener@15710468, org.springframework.boot.test.autoconfigure.SpringBootDependencyInjectionTestExecutionListener@665ddc01, org.springframework.test.context.support.DirtiesContextTestExecutionListener@659aec43, org.springframework.test.context.event.EventPublishingTestExecutionListener@3654919, org.springframework.boot.test.autoconfigure.restdocs.RestDocsTestExecutionListener@1eaa5f59, org.springframework.boot.test.autoconfigure.web.client.MockRestServiceServerResetTestExecutionListener@161f2559, org.springframework.boot.test.autoconfigure.web.servlet.MockMvcPrintOnlyOnFailureTestExecutionListener@24d53b2d, org.springframework.boot.test.autoconfigure.web.servlet.WebDriverTestExecutionListener@dd1832f, org.springframework.boot.test.autoconfigure.webservices.client.MockWebServiceServerTestExecutionListener@414d555b, org.springframework.boot.test.mock.mockito.ResetMocksTestExecutionListener@2e1785c6]
]]></system-out>
  <system-err><![CDATA[]]></system-err>
</testsuite>
