<?xml version="1.0" encoding="UTF-8"?>
<testsuite name="tourGuide.rewardCentralAPI.controller.RewardCentralApiControllerTest" tests="1" skipped="0" failures="0" errors="0" timestamp="2021-09-23T15:09:07" hostname="PO531436" time="0.449">
  <properties/>
  <testcase name="getAttractionRewardPoints()" classname="tourGuide.rewardCentralAPI.controller.RewardCentralApiControllerTest" time="0.449"/>
  <system-out><![CDATA[17:09:02.476 [Test worker] DEBUG org.springframework.test.context.BootstrapUtils - Instantiating CacheAwareContextLoaderDelegate from class [org.springframework.test.context.cache.DefaultCacheAwareContextLoaderDelegate]
17:09:02.524 [Test worker] DEBUG org.springframework.test.context.BootstrapUtils - Instantiating BootstrapContext using constructor [public org.springframework.test.context.support.DefaultBootstrapContext(java.lang.Class,org.springframework.test.context.CacheAwareContextLoaderDelegate)]
17:09:02.645 [Test worker] DEBUG org.springframework.test.context.BootstrapUtils - Instantiating TestContextBootstrapper for test class [tourGuide.rewardCentralAPI.controller.RewardCentralApiControllerTest] from class [org.springframework.boot.test.autoconfigure.web.servlet.WebMvcTestContextBootstrapper]
17:09:02.680 [Test worker] INFO org.springframework.boot.test.autoconfigure.web.servlet.WebMvcTestContextBootstrapper - Neither @ContextConfiguration nor @ContextHierarchy found for test class [tourGuide.rewardCentralAPI.controller.RewardCentralApiControllerTest], using SpringBootContextLoader
17:09:02.691 [Test worker] DEBUG org.springframework.test.context.support.AbstractContextLoader - Did not detect default resource location for test class [tourGuide.rewardCentralAPI.controller.RewardCentralApiControllerTest]: class path resource [tourGuide/rewardCentralAPI/controller/RewardCentralApiControllerTest-context.xml] does not exist
17:09:02.692 [Test worker] DEBUG org.springframework.test.context.support.AbstractContextLoader - Did not detect default resource location for test class [tourGuide.rewardCentralAPI.controller.RewardCentralApiControllerTest]: class path resource [tourGuide/rewardCentralAPI/controller/RewardCentralApiControllerTestContext.groovy] does not exist
17:09:02.693 [Test worker] INFO org.springframework.test.context.support.AbstractContextLoader - Could not detect default resource locations for test class [tourGuide.rewardCentralAPI.controller.RewardCentralApiControllerTest]: no resource found for suffixes {-context.xml, Context.groovy}.
17:09:02.694 [Test worker] INFO org.springframework.test.context.support.AnnotationConfigContextLoaderUtils - Could not detect default configuration classes for test class [tourGuide.rewardCentralAPI.controller.RewardCentralApiControllerTest]: RewardCentralApiControllerTest does not declare any static, non-private, non-final, nested classes annotated with @Configuration.
17:09:02.960 [Test worker] DEBUG org.springframework.test.context.support.ActiveProfilesUtils - Could not find an 'annotation declaring class' for annotation type [org.springframework.test.context.ActiveProfiles] and class [tourGuide.rewardCentralAPI.controller.RewardCentralApiControllerTest]
17:09:03.154 [Test worker] DEBUG org.springframework.context.annotation.ClassPathScanningCandidateComponentProvider - Identified candidate component class: file [C:\Git\P8-RewardCentralAPI\build\classes\java\main\tourGuide\rewardCentralAPI\RewardCentralApiApplication.class]
17:09:03.155 [Test worker] INFO org.springframework.boot.test.context.SpringBootTestContextBootstrapper - Found @SpringBootConfiguration tourGuide.rewardCentralAPI.RewardCentralApiApplication for test class tourGuide.rewardCentralAPI.controller.RewardCentralApiControllerTest
17:09:03.164 [Test worker] DEBUG org.springframework.boot.test.autoconfigure.web.servlet.WebMvcTestContextBootstrapper - @TestExecutionListeners is not present for class [tourGuide.rewardCentralAPI.controller.RewardCentralApiControllerTest]: using defaults.
17:09:03.165 [Test worker] INFO org.springframework.boot.test.autoconfigure.web.servlet.WebMvcTestContextBootstrapper - Loaded default TestExecutionListener class names from location [META-INF/spring.factories]: [org.springframework.boot.test.autoconfigure.restdocs.RestDocsTestExecutionListener, org.springframework.boot.test.autoconfigure.web.client.MockRestServiceServerResetTestExecutionListener, org.springframework.boot.test.autoconfigure.web.servlet.MockMvcPrintOnlyOnFailureTestExecutionListener, org.springframework.boot.test.autoconfigure.web.servlet.WebDriverTestExecutionListener, org.springframework.boot.test.autoconfigure.webservices.client.MockWebServiceServerTestExecutionListener, org.springframework.boot.test.mock.mockito.MockitoTestExecutionListener, org.springframework.boot.test.mock.mockito.ResetMocksTestExecutionListener, org.springframework.test.context.web.ServletTestExecutionListener, org.springframework.test.context.support.DirtiesContextBeforeModesTestExecutionListener, org.springframework.test.context.event.ApplicationEventsTestExecutionListener, org.springframework.test.context.support.DependencyInjectionTestExecutionListener, org.springframework.test.context.support.DirtiesContextTestExecutionListener, org.springframework.test.context.transaction.TransactionalTestExecutionListener, org.springframework.test.context.jdbc.SqlScriptsTestExecutionListener, org.springframework.test.context.event.EventPublishingTestExecutionListener]
17:09:03.200 [Test worker] DEBUG org.springframework.boot.test.autoconfigure.web.servlet.WebMvcTestContextBootstrapper - Skipping candidate TestExecutionListener [org.springframework.test.context.transaction.TransactionalTestExecutionListener] due to a missing dependency. Specify custom listener classes or make the default listener classes and their required dependencies available. Offending class: [org/springframework/transaction/interceptor/TransactionAttributeSource]
17:09:03.201 [Test worker] DEBUG org.springframework.boot.test.autoconfigure.web.servlet.WebMvcTestContextBootstrapper - Skipping candidate TestExecutionListener [org.springframework.test.context.jdbc.SqlScriptsTestExecutionListener] due to a missing dependency. Specify custom listener classes or make the default listener classes and their required dependencies available. Offending class: [org/springframework/transaction/interceptor/TransactionAttribute]
17:09:03.201 [Test worker] INFO org.springframework.boot.test.autoconfigure.web.servlet.WebMvcTestContextBootstrapper - Using TestExecutionListeners: [org.springframework.test.context.web.ServletTestExecutionListener@5bdd87d3, org.springframework.test.context.support.DirtiesContextBeforeModesTestExecutionListener@2ed9d82b, org.springframework.test.context.event.ApplicationEventsTestExecutionListener@74d4dc1f, org.springframework.boot.test.mock.mockito.MockitoTestExecutionListener@1da3fa17, org.springframework.boot.test.autoconfigure.SpringBootDependencyInjectionTestExecutionListener@2af7056f, org.springframework.test.context.support.DirtiesContextTestExecutionListener@4a0f889a, org.springframework.test.context.event.EventPublishingTestExecutionListener@18e991e0, org.springframework.boot.test.autoconfigure.restdocs.RestDocsTestExecutionListener@1a98b3a8, org.springframework.boot.test.autoconfigure.web.client.MockRestServiceServerResetTestExecutionListener@85601e9, org.springframework.boot.test.autoconfigure.web.servlet.MockMvcPrintOnlyOnFailureTestExecutionListener@3e2b0321, org.springframework.boot.test.autoconfigure.web.servlet.WebDriverTestExecutionListener@6a99e395, org.springframework.boot.test.autoconfigure.webservices.client.MockWebServiceServerTestExecutionListener@35c3189d, org.springframework.boot.test.mock.mockito.ResetMocksTestExecutionListener@da20e85]
17:09:03.210 [Test worker] DEBUG org.springframework.test.context.support.AbstractDirtiesContextTestExecutionListener - Before test class: context [DefaultTestContext@71830a1c testClass = RewardCentralApiControllerTest, testInstance = [null], testMethod = [null], testException = [null], mergedContextConfiguration = [WebMergedContextConfiguration@45fd9f7b testClass = RewardCentralApiControllerTest, locations = '{}', classes = '{class tourGuide.rewardCentralAPI.RewardCentralApiApplication}', contextInitializerClasses = '[]', activeProfiles = '{}', propertySourceLocations = '{}', propertySourceProperties = '{org.springframework.boot.test.autoconfigure.web.servlet.WebMvcTestContextBootstrapper=true}', contextCustomizers = set[org.springframework.boot.test.autoconfigure.OverrideAutoConfigurationContextCustomizerFactory$DisableAutoConfigurationContextCustomizer@221e4761, org.springframework.boot.test.autoconfigure.actuate.metrics.MetricsExportContextCustomizerFactory$DisableMetricExportContextCustomizer@61871d51, org.springframework.boot.test.autoconfigure.filter.TypeExcludeFiltersContextCustomizer@658532f2, org.springframework.boot.test.autoconfigure.properties.PropertyMappingContextCustomizer@d0c87831, org.springframework.boot.test.autoconfigure.web.servlet.WebDriverContextCustomizerFactory$Customizer@72683a54, [ImportsContextCustomizer@7940e3f6 key = [org.springframework.boot.autoconfigure.cache.CacheAutoConfiguration, org.springframework.boot.autoconfigure.context.MessageSourceAutoConfiguration, org.springframework.boot.autoconfigure.data.web.SpringDataWebAutoConfiguration, org.springframework.boot.autoconfigure.freemarker.FreeMarkerAutoConfiguration, org.springframework.boot.autoconfigure.groovy.template.GroovyTemplateAutoConfiguration, org.springframework.boot.autoconfigure.gson.GsonAutoConfiguration, org.springframework.boot.autoconfigure.hateoas.HypermediaAutoConfiguration, org.springframework.boot.autoconfigure.http.HttpMessageConvertersAutoConfiguration, org.springframework.boot.autoconfigure.jackson.JacksonAutoConfiguration, org.springframework.boot.autoconfigure.jsonb.JsonbAutoConfiguration, org.springframework.boot.autoconfigure.mustache.MustacheAutoConfiguration, org.springframework.boot.autoconfigure.task.TaskExecutionAutoConfiguration, org.springframework.boot.autoconfigure.thymeleaf.ThymeleafAutoConfiguration, org.springframework.boot.autoconfigure.validation.ValidationAutoConfiguration, org.springframework.boot.autoconfigure.web.servlet.error.ErrorMvcAutoConfiguration, org.springframework.boot.autoconfigure.web.servlet.HttpEncodingAutoConfiguration, org.springframework.boot.autoconfigure.web.servlet.WebMvcAutoConfiguration, org.springframework.boot.test.autoconfigure.web.servlet.MockMvcAutoConfiguration, org.springframework.boot.test.autoconfigure.web.servlet.MockMvcWebClientAutoConfiguration, org.springframework.boot.test.autoconfigure.web.servlet.MockMvcWebDriverAutoConfiguration, org.springframework.boot.autoconfigure.security.oauth2.client.servlet.OAuth2ClientAutoConfiguration, org.springframework.boot.autoconfigure.security.oauth2.resource.servlet.OAuth2ResourceServerAutoConfiguration, org.springframework.boot.autoconfigure.security.servlet.SecurityAutoConfiguration, org.springframework.boot.autoconfigure.security.servlet.SecurityFilterAutoConfiguration, org.springframework.boot.autoconfigure.security.servlet.UserDetailsServiceAutoConfiguration, org.springframework.boot.test.autoconfigure.web.servlet.MockMvcSecurityConfiguration]], org.springframework.boot.test.context.filter.ExcludeFilterContextCustomizer@62336a98, org.springframework.boot.test.json.DuplicateJsonObjectContextCustomizerFactory$DuplicateJsonObjectContextCustomizer@3b5d3eba, org.springframework.boot.test.mock.mockito.MockitoContextCustomizer@4831b2f5, org.springframework.boot.test.context.SpringBootTestArgs@1, org.springframework.boot.test.context.SpringBootTestWebEnvironment@0], resourceBasePath = 'src/main/webapp', contextLoader = 'org.springframework.boot.test.context.SpringBootContextLoader', parent = [null]], attributes = map[[empty]]], class annotated with @DirtiesContext [false] with mode [null].
17:09:03.304 [Test worker] DEBUG org.springframework.test.context.support.TestPropertySourceUtils - Adding inlined properties to environment: {spring.jmx.enabled=false, org.springframework.boot.test.autoconfigure.web.servlet.WebMvcTestContextBootstrapper=true}

  .   ____          _            __ _ _
 /\\ / ___'_ __ _ _(_)_ __  __ _ \ \ \ \
( ( )\___ | '_ | '_| | '_ \/ _` | \ \ \ \
 \\/  ___)| |_)| | | | | || (_| |  ) ) ) )
  '  |____| .__|_| |_|_| |_\__, | / / / /
 =========|_|==============|___/=/_/_/_/
 :: Spring Boot ::                (v2.5.4)

2021-09-23 17:09:04.135  INFO 27796 --- [    Test worker] t.r.c.RewardCentralApiControllerTest     : Starting RewardCentralApiControllerTest using Java 1.8.0_151 on PO531436 with PID 27796 (started by S562587 in C:\Git\P8-RewardCentralAPI)
2021-09-23 17:09:04.136 DEBUG 27796 --- [    Test worker] t.r.c.RewardCentralApiControllerTest     : Running with Spring Boot v2.5.4, Spring v5.3.9
2021-09-23 17:09:04.140  INFO 27796 --- [    Test worker] t.r.c.RewardCentralApiControllerTest     : No active profile set, falling back to default profiles: default
2021-09-23 17:09:07.039  INFO 27796 --- [    Test worker] o.s.b.t.m.w.SpringBootMockServletContext : Initializing Spring TestDispatcherServlet ''
2021-09-23 17:09:07.040  INFO 27796 --- [    Test worker] o.s.t.web.servlet.TestDispatcherServlet  : Initializing Servlet ''
2021-09-23 17:09:07.042  INFO 27796 --- [    Test worker] o.s.t.web.servlet.TestDispatcherServlet  : Completed initialization in 2 ms
2021-09-23 17:09:07.096  INFO 27796 --- [    Test worker] t.r.c.RewardCentralApiControllerTest     : Started RewardCentralApiControllerTest in 3.776 seconds (JVM running for 7.345)
2021-09-23 17:09:07.293 DEBUG 27796 --- [    Test worker] t.r.c.RewardCentralApiController         : GET request /attractionRewardPoints received in RewardCentralApiController for attractionId: b44c4067-e189-49d9-9ccf-298b0bce602b and userId: 29c154f1-5c7a-44b5-a610-ada2a5544fa5

MockHttpServletRequest:
      HTTP Method = GET
      Request URI = /attractionRewardPoints
       Parameters = {attractionId=[b44c4067-e189-49d9-9ccf-298b0bce602b], userId=[29c154f1-5c7a-44b5-a610-ada2a5544fa5]}
          Headers = [Content-Type:"application/json;charset=UTF-8"]
             Body = null
    Session Attrs = {}

Handler:
             Type = tourGuide.rewardCentralAPI.controller.RewardCentralApiController
           Method = tourGuide.rewardCentralAPI.controller.RewardCentralApiController#getAttractionRewardPoints(UUID, UUID)

Async:
    Async started = false
     Async result = null

Resolved Exception:
             Type = null

ModelAndView:
        View name = null
             View = null
            Model = null

FlashMap:
       Attributes = null

MockHttpServletResponse:
           Status = 200
    Error message = null
          Headers = [Content-Type:"application/json"]
     Content type = application/json
             Body = 100
    Forwarded URL = null
   Redirected URL = null
          Cookies = []
]]></system-out>
  <system-err><![CDATA[]]></system-err>
</testsuite>
