<?xml version="1.0" encoding="UTF-8"?>
<testsuite name="tourGuide.rewardCentralAPI.RewardCentralApiApplicationTests" tests="1" skipped="0" failures="0" errors="0" timestamp="2021-09-23T15:09:10" hostname="PO531436" time="0.009">
  <properties/>
  <testcase name="contextLoads()" classname="tourGuide.rewardCentralAPI.RewardCentralApiApplicationTests" time="0.009"/>
  <system-out><![CDATA[2021-09-23 17:09:07.571  INFO 27796 --- [    Test worker] .b.t.c.SpringBootTestContextBootstrapper : Neither @ContextConfiguration nor @ContextHierarchy found for test class [tourGuide.rewardCentralAPI.RewardCentralApiApplicationTests], using SpringBootContextLoader
2021-09-23 17:09:07.573  INFO 27796 --- [    Test worker] o.s.t.c.support.AbstractContextLoader    : Could not detect default resource locations for test class [tourGuide.rewardCentralAPI.RewardCentralApiApplicationTests]: no resource found for suffixes {-context.xml, Context.groovy}.
2021-09-23 17:09:07.574  INFO 27796 --- [    Test worker] t.c.s.AnnotationConfigContextLoaderUtils : Could not detect default configuration classes for test class [tourGuide.rewardCentralAPI.RewardCentralApiApplicationTests]: RewardCentralApiApplicationTests does not declare any static, non-private, non-final, nested classes annotated with @Configuration.
2021-09-23 17:09:07.586  INFO 27796 --- [    Test worker] .b.t.c.SpringBootTestContextBootstrapper : Found @SpringBootConfiguration tourGuide.rewardCentralAPI.RewardCentralApiApplication for test class tourGuide.rewardCentralAPI.RewardCentralApiApplicationTests
2021-09-23 17:09:07.593  INFO 27796 --- [    Test worker] .b.t.c.SpringBootTestContextBootstrapper : Loaded default TestExecutionListener class names from location [META-INF/spring.factories]: [org.springframework.boot.test.autoconfigure.restdocs.RestDocsTestExecutionListener, org.springframework.boot.test.autoconfigure.web.client.MockRestServiceServerResetTestExecutionListener, org.springframework.boot.test.autoconfigure.web.servlet.MockMvcPrintOnlyOnFailureTestExecutionListener, org.springframework.boot.test.autoconfigure.web.servlet.WebDriverTestExecutionListener, org.springframework.boot.test.autoconfigure.webservices.client.MockWebServiceServerTestExecutionListener, org.springframework.boot.test.mock.mockito.MockitoTestExecutionListener, org.springframework.boot.test.mock.mockito.ResetMocksTestExecutionListener, org.springframework.test.context.web.ServletTestExecutionListener, org.springframework.test.context.support.DirtiesContextBeforeModesTestExecutionListener, org.springframework.test.context.event.ApplicationEventsTestExecutionListener, org.springframework.test.context.support.DependencyInjectionTestExecutionListener, org.springframework.test.context.support.DirtiesContextTestExecutionListener, org.springframework.test.context.transaction.TransactionalTestExecutionListener, org.springframework.test.context.jdbc.SqlScriptsTestExecutionListener, org.springframework.test.context.event.EventPublishingTestExecutionListener]
2021-09-23 17:09:07.595  INFO 27796 --- [    Test worker] .b.t.c.SpringBootTestContextBootstrapper : Using TestExecutionListeners: [org.springframework.test.context.web.ServletTestExecutionListener@5ae664d1, org.springframework.test.context.support.DirtiesContextBeforeModesTestExecutionListener@21e6247e, org.springframework.test.context.event.ApplicationEventsTestExecutionListener@718075cd, org.springframework.boot.test.mock.mockito.MockitoTestExecutionListener@644779de, org.springframework.boot.test.autoconfigure.SpringBootDependencyInjectionTestExecutionListener@d6e496b, org.springframework.test.context.support.DirtiesContextTestExecutionListener@1dbb596c, org.springframework.test.context.event.EventPublishingTestExecutionListener@6fe7690b, org.springframework.boot.test.autoconfigure.restdocs.RestDocsTestExecutionListener@30b164a0, org.springframework.boot.test.autoconfigure.web.client.MockRestServiceServerResetTestExecutionListener@4feb46cc, org.springframework.boot.test.autoconfigure.web.servlet.MockMvcPrintOnlyOnFailureTestExecutionListener@85c1664, org.springframework.boot.test.autoconfigure.web.servlet.WebDriverTestExecutionListener@5ca78955, org.springframework.boot.test.autoconfigure.webservices.client.MockWebServiceServerTestExecutionListener@67087205, org.springframework.boot.test.mock.mockito.ResetMocksTestExecutionListener@7240850e]

  .   ____          _            __ _ _
 /\\ / ___'_ __ _ _(_)_ __  __ _ \ \ \ \
( ( )\___ | '_ | '_| | '_ \/ _` | \ \ \ \
 \\/  ___)| |_)| | | | | || (_| |  ) ) ) )
  '  |____| .__|_| |_|_| |_\__, | / / / /
 =========|_|==============|___/=/_/_/_/
 :: Spring Boot ::                (v2.5.4)

2021-09-23 17:09:07.656  INFO 27796 --- [    Test worker] t.r.RewardCentralApiApplicationTests     : Starting RewardCentralApiApplicationTests using Java 1.8.0_151 on PO531436 with PID 27796 (started by S562587 in C:\Git\P8-RewardCentralAPI)
2021-09-23 17:09:07.656 DEBUG 27796 --- [    Test worker] t.r.RewardCentralApiApplicationTests     : Running with Spring Boot v2.5.4, Spring v5.3.9
2021-09-23 17:09:07.657  INFO 27796 --- [    Test worker] t.r.RewardCentralApiApplicationTests     : No active profile set, falling back to default profiles: default
2021-09-23 17:09:10.906  INFO 27796 --- [    Test worker] t.r.RewardCentralApiApplicationTests     : Started RewardCentralApiApplicationTests in 3.307 seconds (JVM running for 11.154)
]]></system-out>
  <system-err><![CDATA[]]></system-err>
</testsuite>
