<?xml version="1.0" encoding="UTF-8"?>
<testsuite name="tourGuide.rewardCentralAPI.service.RewardCentralApiServiceIT" tests="1" skipped="0" failures="0" errors="0" timestamp="2021-09-23T15:09:10" hostname="PO531436" time="0.428">
  <properties/>
  <testcase name="getAttractionRewardPoints()" classname="tourGuide.rewardCentralAPI.service.RewardCentralApiServiceIT" time="0.428"/>
  <system-out><![CDATA[2021-09-23 17:09:10.925  INFO 27796 --- [    Test worker] .b.t.c.SpringBootTestContextBootstrapper : Neither @ContextConfiguration nor @ContextHierarchy found for test class [tourGuide.rewardCentralAPI.service.RewardCentralApiServiceIT], using SpringBootContextLoader
2021-09-23 17:09:10.926  INFO 27796 --- [    Test worker] o.s.t.c.support.AbstractContextLoader    : Could not detect default resource locations for test class [tourGuide.rewardCentralAPI.service.RewardCentralApiServiceIT]: no resource found for suffixes {-context.xml, Context.groovy}.
2021-09-23 17:09:10.927  INFO 27796 --- [    Test worker] t.c.s.AnnotationConfigContextLoaderUtils : Could not detect default configuration classes for test class [tourGuide.rewardCentralAPI.service.RewardCentralApiServiceIT]: RewardCentralApiServiceIT does not declare any static, non-private, non-final, nested classes annotated with @Configuration.
2021-09-23 17:09:10.941  INFO 27796 --- [    Test worker] .b.t.c.SpringBootTestContextBootstrapper : Found @SpringBootConfiguration tourGuide.rewardCentralAPI.RewardCentralApiApplication for test class tourGuide.rewardCentralAPI.service.RewardCentralApiServiceIT
2021-09-23 17:09:10.944  INFO 27796 --- [    Test worker] .b.t.c.SpringBootTestContextBootstrapper : Loaded default TestExecutionListener class names from location [META-INF/spring.factories]: [org.springframework.boot.test.autoconfigure.restdocs.RestDocsTestExecutionListener, org.springframework.boot.test.autoconfigure.web.client.MockRestServiceServerResetTestExecutionListener, org.springframework.boot.test.autoconfigure.web.servlet.MockMvcPrintOnlyOnFailureTestExecutionListener, org.springframework.boot.test.autoconfigure.web.servlet.WebDriverTestExecutionListener, org.springframework.boot.test.autoconfigure.webservices.client.MockWebServiceServerTestExecutionListener, org.springframework.boot.test.mock.mockito.MockitoTestExecutionListener, org.springframework.boot.test.mock.mockito.ResetMocksTestExecutionListener, org.springframework.test.context.web.ServletTestExecutionListener, org.springframework.test.context.support.DirtiesContextBeforeModesTestExecutionListener, org.springframework.test.context.event.ApplicationEventsTestExecutionListener, org.springframework.test.context.support.DependencyInjectionTestExecutionListener, org.springframework.test.context.support.DirtiesContextTestExecutionListener, org.springframework.test.context.transaction.TransactionalTestExecutionListener, org.springframework.test.context.jdbc.SqlScriptsTestExecutionListener, org.springframework.test.context.event.EventPublishingTestExecutionListener]
2021-09-23 17:09:10.946  INFO 27796 --- [    Test worker] .b.t.c.SpringBootTestContextBootstrapper : Using TestExecutionListeners: [org.springframework.test.context.web.ServletTestExecutionListener@4ec26e9c, org.springframework.test.context.support.DirtiesContextBeforeModesTestExecutionListener@477c64fd, org.springframework.test.context.event.ApplicationEventsTestExecutionListener@75ea50bd, org.springframework.boot.test.mock.mockito.MockitoTestExecutionListener@53893572, org.springframework.boot.test.autoconfigure.SpringBootDependencyInjectionTestExecutionListener@ee21711, org.springframework.test.context.support.DirtiesContextTestExecutionListener@2a9dc1bc, org.springframework.test.context.event.EventPublishingTestExecutionListener@dd513ea, org.springframework.boot.test.autoconfigure.restdocs.RestDocsTestExecutionListener@176d9587, org.springframework.boot.test.autoconfigure.web.client.MockRestServiceServerResetTestExecutionListener@92942e4, org.springframework.boot.test.autoconfigure.web.servlet.MockMvcPrintOnlyOnFailureTestExecutionListener@4d7de25c, org.springframework.boot.test.autoconfigure.web.servlet.WebDriverTestExecutionListener@6892e25a, org.springframework.boot.test.autoconfigure.webservices.client.MockWebServiceServerTestExecutionListener@13a89362, org.springframework.boot.test.mock.mockito.ResetMocksTestExecutionListener@5055cd91]
2021-09-23 17:09:10.954 DEBUG 27796 --- [    Test worker] t.r.service.RewardCentralApiService      : Service getAttractionRewardPoints called for attractionId: 2d9c7f43-5c84-47d6-85fb-9228e2f0c275 and userId: cef6796c-4eaa-4713-931e-8936bd954a57
]]></system-out>
  <system-err><![CDATA[]]></system-err>
</testsuite>
