<?xml version="1.0" encoding="UTF-8"?>
<testsuite name="tourGuide.rewardCentralAPI.service.RewardCentralApiServiceTest" tests="1" skipped="0" failures="0" errors="0" timestamp="2021-09-23T15:09:14" hostname="PO531436" time="0.012">
  <properties/>
  <testcase name="getAttractionRewardPoints()" classname="tourGuide.rewardCentralAPI.service.RewardCentralApiServiceTest" time="0.012"/>
  <system-out><![CDATA[2021-09-23 17:09:11.382  INFO 27796 --- [    Test worker] .b.t.c.SpringBootTestContextBootstrapper : Neither @ContextConfiguration nor @ContextHierarchy found for test class [tourGuide.rewardCentralAPI.service.RewardCentralApiServiceTest], using SpringBootContextLoader
2021-09-23 17:09:11.383  INFO 27796 --- [    Test worker] o.s.t.c.support.AbstractContextLoader    : Could not detect default resource locations for test class [tourGuide.rewardCentralAPI.service.RewardCentralApiServiceTest]: no resource found for suffixes {-context.xml, Context.groovy}.
2021-09-23 17:09:11.383  INFO 27796 --- [    Test worker] t.c.s.AnnotationConfigContextLoaderUtils : Could not detect default configuration classes for test class [tourGuide.rewardCentralAPI.service.RewardCentralApiServiceTest]: RewardCentralApiServiceTest does not declare any static, non-private, non-final, nested classes annotated with @Configuration.
2021-09-23 17:09:11.386  INFO 27796 --- [    Test worker] .b.t.c.SpringBootTestContextBootstrapper : Found @SpringBootConfiguration tourGuide.rewardCentralAPI.RewardCentralApiApplication for test class tourGuide.rewardCentralAPI.service.RewardCentralApiServiceTest
2021-09-23 17:09:11.389  INFO 27796 --- [    Test worker] .b.t.c.SpringBootTestContextBootstrapper : Loaded default TestExecutionListener class names from location [META-INF/spring.factories]: [org.springframework.boot.test.autoconfigure.restdocs.RestDocsTestExecutionListener, org.springframework.boot.test.autoconfigure.web.client.MockRestServiceServerResetTestExecutionListener, org.springframework.boot.test.autoconfigure.web.servlet.MockMvcPrintOnlyOnFailureTestExecutionListener, org.springframework.boot.test.autoconfigure.web.servlet.WebDriverTestExecutionListener, org.springframework.boot.test.autoconfigure.webservices.client.MockWebServiceServerTestExecutionListener, org.springframework.boot.test.mock.mockito.MockitoTestExecutionListener, org.springframework.boot.test.mock.mockito.ResetMocksTestExecutionListener, org.springframework.test.context.web.ServletTestExecutionListener, org.springframework.test.context.support.DirtiesContextBeforeModesTestExecutionListener, org.springframework.test.context.event.ApplicationEventsTestExecutionListener, org.springframework.test.context.support.DependencyInjectionTestExecutionListener, org.springframework.test.context.support.DirtiesContextTestExecutionListener, org.springframework.test.context.transaction.TransactionalTestExecutionListener, org.springframework.test.context.jdbc.SqlScriptsTestExecutionListener, org.springframework.test.context.event.EventPublishingTestExecutionListener]
2021-09-23 17:09:11.391  INFO 27796 --- [    Test worker] .b.t.c.SpringBootTestContextBootstrapper : Using TestExecutionListeners: [org.springframework.test.context.web.ServletTestExecutionListener@65ba639a, org.springframework.test.context.support.DirtiesContextBeforeModesTestExecutionListener@5e52f108, org.springframework.test.context.event.ApplicationEventsTestExecutionListener@372386d0, org.springframework.boot.test.mock.mockito.MockitoTestExecutionListener@a5ea13f, org.springframework.boot.test.autoconfigure.SpringBootDependencyInjectionTestExecutionListener@3c4eb55d, org.springframework.test.context.support.DirtiesContextTestExecutionListener@755dc96d, org.springframework.test.context.event.EventPublishingTestExecutionListener@5ee3d410, org.springframework.boot.test.autoconfigure.restdocs.RestDocsTestExecutionListener@214bc1aa, org.springframework.boot.test.autoconfigure.web.client.MockRestServiceServerResetTestExecutionListener@68667c83, org.springframework.boot.test.autoconfigure.web.servlet.MockMvcPrintOnlyOnFailureTestExecutionListener@73ebd643, org.springframework.boot.test.autoconfigure.web.servlet.WebDriverTestExecutionListener@3368cf7a, org.springframework.boot.test.autoconfigure.webservices.client.MockWebServiceServerTestExecutionListener@4c510e2c, org.springframework.boot.test.mock.mockito.ResetMocksTestExecutionListener@1708f141]

  .   ____          _            __ _ _
 /\\ / ___'_ __ _ _(_)_ __  __ _ \ \ \ \
( ( )\___ | '_ | '_| | '_ \/ _` | \ \ \ \
 \\/  ___)| |_)| | | | | || (_| |  ) ) ) )
  '  |____| .__|_| |_|_| |_\__, | / / / /
 =========|_|==============|___/=/_/_/_/
 :: Spring Boot ::                (v2.5.4)

2021-09-23 17:09:11.433  INFO 27796 --- [    Test worker] t.r.service.RewardCentralApiServiceTest  : Starting RewardCentralApiServiceTest using Java 1.8.0_151 on PO531436 with PID 27796 (started by S562587 in C:\Git\P8-RewardCentralAPI)
2021-09-23 17:09:11.434 DEBUG 27796 --- [    Test worker] t.r.service.RewardCentralApiServiceTest  : Running with Spring Boot v2.5.4, Spring v5.3.9
2021-09-23 17:09:11.435  INFO 27796 --- [    Test worker] t.r.service.RewardCentralApiServiceTest  : No active profile set, falling back to default profiles: default
2021-09-23 17:09:14.022  INFO 27796 --- [    Test worker] t.r.service.RewardCentralApiServiceTest  : Started RewardCentralApiServiceTest in 2.626 seconds (JVM running for 14.27)
2021-09-23 17:09:14.034 DEBUG 27796 --- [    Test worker] t.r.service.RewardCentralApiService      : Service getAttractionRewardPoints called for attractionId: a276fb21-0831-41cc-a397-746d46014fbd and userId: a682960d-b783-4a5e-87a7-363fb6f8f66b
]]></system-out>
  <system-err><![CDATA[]]></system-err>
</testsuite>
