<?xml version="1.0" encoding="UTF-8"?>
<testsuite name="tourGuide.gpsUtilAPI.service.GpsUtilApiServiceIT" tests="2" skipped="0" failures="0" errors="0" timestamp="2021-09-23T12:27:19" hostname="PO531436" time="0.11">
  <properties/>
  <testcase name="getUserLocation()" classname="tourGuide.gpsUtilAPI.service.GpsUtilApiServiceIT" time="0.078"/>
  <testcase name="getAttractions()" classname="tourGuide.gpsUtilAPI.service.GpsUtilApiServiceIT" time="0.031"/>
  <system-out><![CDATA[2021-09-23 14:27:19.667  INFO 19272 --- [    Test worker] .b.t.c.SpringBootTestContextBootstrapper : Neither @ContextConfiguration nor @ContextHierarchy found for test class [tourGuide.gpsUtilAPI.service.GpsUtilApiServiceIT], using SpringBootContextLoader
2021-09-23 14:27:19.670  INFO 19272 --- [    Test worker] o.s.t.c.support.AbstractContextLoader    : Could not detect default resource locations for test class [tourGuide.gpsUtilAPI.service.GpsUtilApiServiceIT]: no resource found for suffixes {-context.xml, Context.groovy}.
2021-09-23 14:27:19.670  INFO 19272 --- [    Test worker] t.c.s.AnnotationConfigContextLoaderUtils : Could not detect default configuration classes for test class [tourGuide.gpsUtilAPI.service.GpsUtilApiServiceIT]: GpsUtilApiServiceIT does not declare any static, non-private, non-final, nested classes annotated with @Configuration.
2021-09-23 14:27:19.688  INFO 19272 --- [    Test worker] .b.t.c.SpringBootTestContextBootstrapper : Found @SpringBootConfiguration tourGuide.gpsUtilAPI.GpsUtilApiApplication for test class tourGuide.gpsUtilAPI.service.GpsUtilApiServiceIT
2021-09-23 14:27:19.692  INFO 19272 --- [    Test worker] .b.t.c.SpringBootTestContextBootstrapper : Loaded default TestExecutionListener class names from location [META-INF/spring.factories]: [org.springframework.boot.test.autoconfigure.restdocs.RestDocsTestExecutionListener, org.springframework.boot.test.autoconfigure.web.client.MockRestServiceServerResetTestExecutionListener, org.springframework.boot.test.autoconfigure.web.servlet.MockMvcPrintOnlyOnFailureTestExecutionListener, org.springframework.boot.test.autoconfigure.web.servlet.WebDriverTestExecutionListener, org.springframework.boot.test.autoconfigure.webservices.client.MockWebServiceServerTestExecutionListener, org.springframework.boot.test.mock.mockito.MockitoTestExecutionListener, org.springframework.boot.test.mock.mockito.ResetMocksTestExecutionListener, org.springframework.test.context.web.ServletTestExecutionListener, org.springframework.test.context.support.DirtiesContextBeforeModesTestExecutionListener, org.springframework.test.context.event.ApplicationEventsTestExecutionListener, org.springframework.test.context.support.DependencyInjectionTestExecutionListener, org.springframework.test.context.support.DirtiesContextTestExecutionListener, org.springframework.test.context.transaction.TransactionalTestExecutionListener, org.springframework.test.context.jdbc.SqlScriptsTestExecutionListener, org.springframework.test.context.event.EventPublishingTestExecutionListener]
2021-09-23 14:27:19.695  INFO 19272 --- [    Test worker] .b.t.c.SpringBootTestContextBootstrapper : Using TestExecutionListeners: [org.springframework.test.context.web.ServletTestExecutionListener@79451900, org.springframework.test.context.support.DirtiesContextBeforeModesTestExecutionListener@409574a1, org.springframework.test.context.event.ApplicationEventsTestExecutionListener@1b2cb89, org.springframework.boot.test.mock.mockito.MockitoTestExecutionListener@57a4c9df, org.springframework.boot.test.autoconfigure.SpringBootDependencyInjectionTestExecutionListener@6f85732, org.springframework.test.context.support.DirtiesContextTestExecutionListener@6da30b30, org.springframework.test.context.event.EventPublishingTestExecutionListener@7a5a7b8e, org.springframework.boot.test.autoconfigure.restdocs.RestDocsTestExecutionListener@bc1bf2b, org.springframework.boot.test.autoconfigure.web.client.MockRestServiceServerResetTestExecutionListener@4fc428a6, org.springframework.boot.test.autoconfigure.web.servlet.MockMvcPrintOnlyOnFailureTestExecutionListener@3acb40e5, org.springframework.boot.test.autoconfigure.web.servlet.WebDriverTestExecutionListener@1364ca39, org.springframework.boot.test.autoconfigure.webservices.client.MockWebServiceServerTestExecutionListener@15da1799, org.springframework.boot.test.mock.mockito.ResetMocksTestExecutionListener@7bb59c9c]
2021-09-23 14:27:19.707 DEBUG 19272 --- [    Test worker] t.gpsUtilAPI.service.GpsUtilApiService   : Service getUserLocation called for userId: b58d5365-1359-45b5-bc18-ddb5fe32a19f
2021-09-23 14:27:19.790 DEBUG 19272 --- [    Test worker] t.gpsUtilAPI.service.GpsUtilApiService   : Service getAttractions called
]]></system-out>
  <system-err><![CDATA[]]></system-err>
</testsuite>
