<?xml version="1.0" encoding="UTF-8"?>
<testsuite name="tourGuide.gpsUtilAPI.service.GpsUtilApiServiceTest" tests="2" skipped="0" failures="0" errors="0" timestamp="2021-09-23T12:27:24" hostname="PO531436" time="0.049">
  <properties/>
  <testcase name="getUserLocation()" classname="tourGuide.gpsUtilAPI.service.GpsUtilApiServiceTest" time="0.017"/>
  <testcase name="getAttractions()" classname="tourGuide.gpsUtilAPI.service.GpsUtilApiServiceTest" time="0.013"/>
  <system-out><![CDATA[2021-09-23 14:27:19.824  INFO 19272 --- [    Test worker] .b.t.c.SpringBootTestContextBootstrapper : Neither @ContextConfiguration nor @ContextHierarchy found for test class [tourGuide.gpsUtilAPI.service.GpsUtilApiServiceTest], using SpringBootContextLoader
2021-09-23 14:27:19.826  INFO 19272 --- [    Test worker] o.s.t.c.support.AbstractContextLoader    : Could not detect default resource locations for test class [tourGuide.gpsUtilAPI.service.GpsUtilApiServiceTest]: no resource found for suffixes {-context.xml, Context.groovy}.
2021-09-23 14:27:19.826  INFO 19272 --- [    Test worker] t.c.s.AnnotationConfigContextLoaderUtils : Could not detect default configuration classes for test class [tourGuide.gpsUtilAPI.service.GpsUtilApiServiceTest]: GpsUtilApiServiceTest does not declare any static, non-private, non-final, nested classes annotated with @Configuration.
2021-09-23 14:27:19.830  INFO 19272 --- [    Test worker] .b.t.c.SpringBootTestContextBootstrapper : Found @SpringBootConfiguration tourGuide.gpsUtilAPI.GpsUtilApiApplication for test class tourGuide.gpsUtilAPI.service.GpsUtilApiServiceTest
2021-09-23 14:27:19.834  INFO 19272 --- [    Test worker] .b.t.c.SpringBootTestContextBootstrapper : Loaded default TestExecutionListener class names from location [META-INF/spring.factories]: [org.springframework.boot.test.autoconfigure.restdocs.RestDocsTestExecutionListener, org.springframework.boot.test.autoconfigure.web.client.MockRestServiceServerResetTestExecutionListener, org.springframework.boot.test.autoconfigure.web.servlet.MockMvcPrintOnlyOnFailureTestExecutionListener, org.springframework.boot.test.autoconfigure.web.servlet.WebDriverTestExecutionListener, org.springframework.boot.test.autoconfigure.webservices.client.MockWebServiceServerTestExecutionListener, org.springframework.boot.test.mock.mockito.MockitoTestExecutionListener, org.springframework.boot.test.mock.mockito.ResetMocksTestExecutionListener, org.springframework.test.context.web.ServletTestExecutionListener, org.springframework.test.context.support.DirtiesContextBeforeModesTestExecutionListener, org.springframework.test.context.event.ApplicationEventsTestExecutionListener, org.springframework.test.context.support.DependencyInjectionTestExecutionListener, org.springframework.test.context.support.DirtiesContextTestExecutionListener, org.springframework.test.context.transaction.TransactionalTestExecutionListener, org.springframework.test.context.jdbc.SqlScriptsTestExecutionListener, org.springframework.test.context.event.EventPublishingTestExecutionListener]
2021-09-23 14:27:19.837  INFO 19272 --- [    Test worker] .b.t.c.SpringBootTestContextBootstrapper : Using TestExecutionListeners: [org.springframework.test.context.web.ServletTestExecutionListener@40d9c121, org.springframework.test.context.support.DirtiesContextBeforeModesTestExecutionListener@2ae99657, org.springframework.test.context.event.ApplicationEventsTestExecutionListener@62a68552, org.springframework.boot.test.mock.mockito.MockitoTestExecutionListener@61cd6f49, org.springframework.boot.test.autoconfigure.SpringBootDependencyInjectionTestExecutionListener@6f936a98, org.springframework.test.context.support.DirtiesContextTestExecutionListener@9ae1213, org.springframework.test.context.event.EventPublishingTestExecutionListener@5ff48a61, org.springframework.boot.test.autoconfigure.restdocs.RestDocsTestExecutionListener@55c901f1, org.springframework.boot.test.autoconfigure.web.client.MockRestServiceServerResetTestExecutionListener@21fa667a, org.springframework.boot.test.autoconfigure.web.servlet.MockMvcPrintOnlyOnFailureTestExecutionListener@58bdc6dc, org.springframework.boot.test.autoconfigure.web.servlet.WebDriverTestExecutionListener@2361f828, org.springframework.boot.test.autoconfigure.webservices.client.MockWebServiceServerTestExecutionListener@3ebaa33c, org.springframework.boot.test.mock.mockito.ResetMocksTestExecutionListener@4c01cb27]

  .   ____          _            __ _ _
 /\\ / ___'_ __ _ _(_)_ __  __ _ \ \ \ \
( ( )\___ | '_ | '_| | '_ \/ _` | \ \ \ \
 \\/  ___)| |_)| | | | | || (_| |  ) ) ) )
  '  |____| .__|_| |_|_| |_\__, | / / / /
 =========|_|==============|___/=/_/_/_/
 :: Spring Boot ::                (v2.5.4)

2021-09-23 14:27:19.920  INFO 19272 --- [    Test worker] t.g.service.GpsUtilApiServiceTest        : Starting GpsUtilApiServiceTest using Java 1.8.0_151 on PO531436 with PID 19272 (started by S562587 in C:\Git\P8-GPSUtilAPI)
2021-09-23 14:27:19.921 DEBUG 19272 --- [    Test worker] t.g.service.GpsUtilApiServiceTest        : Running with Spring Boot v2.5.4, Spring v5.3.9
2021-09-23 14:27:19.922  INFO 19272 --- [    Test worker] t.g.service.GpsUtilApiServiceTest        : No active profile set, falling back to default profiles: default
2021-09-23 14:27:24.199  INFO 19272 --- [    Test worker] t.g.service.GpsUtilApiServiceTest        : Started GpsUtilApiServiceTest in 4.356 seconds (JVM running for 18.846)
2021-09-23 14:27:24.216 DEBUG 19272 --- [    Test worker] t.gpsUtilAPI.service.GpsUtilApiService   : Service getUserLocation called for userId: 2abd2a4c-49ec-4a46-9aa8-bb138ccec0b7
2021-09-23 14:27:24.248 DEBUG 19272 --- [    Test worker] t.gpsUtilAPI.service.GpsUtilApiService   : Service getAttractions called
]]></system-out>
  <system-err><![CDATA[]]></system-err>
</testsuite>
