<?xml version="1.0" encoding="UTF-8"?>
<testsuite name="tourGuide.gpsUtilAPI.controller.GpsUtilApiControllerTest" tests="2" skipped="0" failures="0" errors="0" timestamp="2021-09-23T12:27:13" hostname="PO531436" time="0.62">
  <properties/>
  <testcase name="getUserLocation()" classname="tourGuide.gpsUtilAPI.controller.GpsUtilApiControllerTest" time="0.569"/>
  <testcase name="getAttractions()" classname="tourGuide.gpsUtilAPI.controller.GpsUtilApiControllerTest" time="0.048"/>
  <system-out><![CDATA[14:27:08.545 [Test worker] DEBUG org.springframework.test.context.BootstrapUtils - Instantiating CacheAwareContextLoaderDelegate from class [org.springframework.test.context.cache.DefaultCacheAwareContextLoaderDelegate]
14:27:08.604 [Test worker] DEBUG org.springframework.test.context.BootstrapUtils - Instantiating BootstrapContext using constructor [public org.springframework.test.context.support.DefaultBootstrapContext(java.lang.Class,org.springframework.test.context.CacheAwareContextLoaderDelegate)]
14:27:08.750 [Test worker] DEBUG org.springframework.test.context.BootstrapUtils - Instantiating TestContextBootstrapper for test class [tourGuide.gpsUtilAPI.controller.GpsUtilApiControllerTest] from class [org.springframework.boot.test.autoconfigure.web.servlet.WebMvcTestContextBootstrapper]
14:27:08.786 [Test worker] INFO org.springframework.boot.test.autoconfigure.web.servlet.WebMvcTestContextBootstrapper - Neither @ContextConfiguration nor @ContextHierarchy found for test class [tourGuide.gpsUtilAPI.controller.GpsUtilApiControllerTest], using SpringBootContextLoader
14:27:08.802 [Test worker] DEBUG org.springframework.test.context.support.AbstractContextLoader - Did not detect default resource location for test class [tourGuide.gpsUtilAPI.controller.GpsUtilApiControllerTest]: class path resource [tourGuide/gpsUtilAPI/controller/GpsUtilApiControllerTest-context.xml] does not exist
14:27:08.803 [Test worker] DEBUG org.springframework.test.context.support.AbstractContextLoader - Did not detect default resource location for test class [tourGuide.gpsUtilAPI.controller.GpsUtilApiControllerTest]: class path resource [tourGuide/gpsUtilAPI/controller/GpsUtilApiControllerTestContext.groovy] does not exist
14:27:08.804 [Test worker] INFO org.springframework.test.context.support.AbstractContextLoader - Could not detect default resource locations for test class [tourGuide.gpsUtilAPI.controller.GpsUtilApiControllerTest]: no resource found for suffixes {-context.xml, Context.groovy}.
14:27:08.807 [Test worker] INFO org.springframework.test.context.support.AnnotationConfigContextLoaderUtils - Could not detect default configuration classes for test class [tourGuide.gpsUtilAPI.controller.GpsUtilApiControllerTest]: GpsUtilApiControllerTest does not declare any static, non-private, non-final, nested classes annotated with @Configuration.
14:27:09.093 [Test worker] DEBUG org.springframework.test.context.support.ActiveProfilesUtils - Could not find an 'annotation declaring class' for annotation type [org.springframework.test.context.ActiveProfiles] and class [tourGuide.gpsUtilAPI.controller.GpsUtilApiControllerTest]
14:27:09.309 [Test worker] DEBUG org.springframework.context.annotation.ClassPathScanningCandidateComponentProvider - Identified candidate component class: file [C:\Git\P8-GPSUtilAPI\build\classes\java\main\tourGuide\gpsUtilAPI\GpsUtilApiApplication.class]
14:27:09.311 [Test worker] INFO org.springframework.boot.test.context.SpringBootTestContextBootstrapper - Found @SpringBootConfiguration tourGuide.gpsUtilAPI.GpsUtilApiApplication for test class tourGuide.gpsUtilAPI.controller.GpsUtilApiControllerTest
14:27:09.325 [Test worker] DEBUG org.springframework.boot.test.autoconfigure.web.servlet.WebMvcTestContextBootstrapper - @TestExecutionListeners is not present for class [tourGuide.gpsUtilAPI.controller.GpsUtilApiControllerTest]: using defaults.
14:27:09.326 [Test worker] INFO org.springframework.boot.test.autoconfigure.web.servlet.WebMvcTestContextBootstrapper - Loaded default TestExecutionListener class names from location [META-INF/spring.factories]: [org.springframework.boot.test.autoconfigure.restdocs.RestDocsTestExecutionListener, org.springframework.boot.test.autoconfigure.web.client.MockRestServiceServerResetTestExecutionListener, org.springframework.boot.test.autoconfigure.web.servlet.MockMvcPrintOnlyOnFailureTestExecutionListener, org.springframework.boot.test.autoconfigure.web.servlet.WebDriverTestExecutionListener, org.springframework.boot.test.autoconfigure.webservices.client.MockWebServiceServerTestExecutionListener, org.springframework.boot.test.mock.mockito.MockitoTestExecutionListener, org.springframework.boot.test.mock.mockito.ResetMocksTestExecutionListener, org.springframework.test.context.web.ServletTestExecutionListener, org.springframework.test.context.support.DirtiesContextBeforeModesTestExecutionListener, org.springframework.test.context.event.ApplicationEventsTestExecutionListener, org.springframework.test.context.support.DependencyInjectionTestExecutionListener, org.springframework.test.context.support.DirtiesContextTestExecutionListener, org.springframework.test.context.transaction.TransactionalTestExecutionListener, org.springframework.test.context.jdbc.SqlScriptsTestExecutionListener, org.springframework.test.context.event.EventPublishingTestExecutionListener]
14:27:09.360 [Test worker] DEBUG org.springframework.boot.test.autoconfigure.web.servlet.WebMvcTestContextBootstrapper - Skipping candidate TestExecutionListener [org.springframework.test.context.transaction.TransactionalTestExecutionListener] due to a missing dependency. Specify custom listener classes or make the default listener classes and their required dependencies available. Offending class: [org/springframework/transaction/interceptor/TransactionAttributeSource]
14:27:09.362 [Test worker] DEBUG org.springframework.boot.test.autoconfigure.web.servlet.WebMvcTestContextBootstrapper - Skipping candidate TestExecutionListener [org.springframework.test.context.jdbc.SqlScriptsTestExecutionListener] due to a missing dependency. Specify custom listener classes or make the default listener classes and their required dependencies available. Offending class: [org/springframework/transaction/interceptor/TransactionAttribute]
14:27:09.362 [Test worker] INFO org.springframework.boot.test.autoconfigure.web.servlet.WebMvcTestContextBootstrapper - Using TestExecutionListeners: [org.springframework.test.context.web.ServletTestExecutionListener@39b85a73, org.springframework.test.context.support.DirtiesContextBeforeModesTestExecutionListener@5788722f, org.springframework.test.context.event.ApplicationEventsTestExecutionListener@7a730479, org.springframework.boot.test.mock.mockito.MockitoTestExecutionListener@1e5b33e5, org.springframework.boot.test.autoconfigure.SpringBootDependencyInjectionTestExecutionListener@654b899f, org.springframework.test.context.support.DirtiesContextTestExecutionListener@71468613, org.springframework.test.context.event.EventPublishingTestExecutionListener@13f4048e, org.springframework.boot.test.autoconfigure.restdocs.RestDocsTestExecutionListener@5477d90e, org.springframework.boot.test.autoconfigure.web.client.MockRestServiceServerResetTestExecutionListener@6dc9a56e, org.springframework.boot.test.autoconfigure.web.servlet.MockMvcPrintOnlyOnFailureTestExecutionListener@287ad0da, org.springframework.boot.test.autoconfigure.web.servlet.WebDriverTestExecutionListener@1b19712f, org.springframework.boot.test.autoconfigure.webservices.client.MockWebServiceServerTestExecutionListener@714c74eb, org.springframework.boot.test.mock.mockito.ResetMocksTestExecutionListener@510e4d79]
14:27:09.374 [Test worker] DEBUG org.springframework.test.context.support.AbstractDirtiesContextTestExecutionListener - Before test class: context [DefaultTestContext@8cb7185 testClass = GpsUtilApiControllerTest, testInstance = [null], testMethod = [null], testException = [null], mergedContextConfiguration = [WebMergedContextConfiguration@4dac40b testClass = GpsUtilApiControllerTest, locations = '{}', classes = '{class tourGuide.gpsUtilAPI.GpsUtilApiApplication}', contextInitializerClasses = '[]', activeProfiles = '{}', propertySourceLocations = '{}', propertySourceProperties = '{org.springframework.boot.test.autoconfigure.web.servlet.WebMvcTestContextBootstrapper=true}', contextCustomizers = set[org.springframework.boot.test.autoconfigure.OverrideAutoConfigurationContextCustomizerFactory$DisableAutoConfigurationContextCustomizer@6380e9e9, org.springframework.boot.test.autoconfigure.actuate.metrics.MetricsExportContextCustomizerFactory$DisableMetricExportContextCustomizer@2589d787, org.springframework.boot.test.autoconfigure.filter.TypeExcludeFiltersContextCustomizer@d21c8080, org.springframework.boot.test.autoconfigure.properties.PropertyMappingContextCustomizer@d5930410, org.springframework.boot.test.autoconfigure.web.servlet.WebDriverContextCustomizerFactory$Customizer@27ab206, [ImportsContextCustomizer@2c54c497 key = [org.springframework.boot.autoconfigure.cache.CacheAutoConfiguration, org.springframework.boot.autoconfigure.context.MessageSourceAutoConfiguration, org.springframework.boot.autoconfigure.data.web.SpringDataWebAutoConfiguration, org.springframework.boot.autoconfigure.freemarker.FreeMarkerAutoConfiguration, org.springframework.boot.autoconfigure.groovy.template.GroovyTemplateAutoConfiguration, org.springframework.boot.autoconfigure.gson.GsonAutoConfiguration, org.springframework.boot.autoconfigure.hateoas.HypermediaAutoConfiguration, org.springframework.boot.autoconfigure.http.HttpMessageConvertersAutoConfiguration, org.springframework.boot.autoconfigure.jackson.JacksonAutoConfiguration, org.springframework.boot.autoconfigure.jsonb.JsonbAutoConfiguration, org.springframework.boot.autoconfigure.mustache.MustacheAutoConfiguration, org.springframework.boot.autoconfigure.task.TaskExecutionAutoConfiguration, org.springframework.boot.autoconfigure.thymeleaf.ThymeleafAutoConfiguration, org.springframework.boot.autoconfigure.validation.ValidationAutoConfiguration, org.springframework.boot.autoconfigure.web.servlet.error.ErrorMvcAutoConfiguration, org.springframework.boot.autoconfigure.web.servlet.HttpEncodingAutoConfiguration, org.springframework.boot.autoconfigure.web.servlet.WebMvcAutoConfiguration, org.springframework.boot.test.autoconfigure.web.servlet.MockMvcAutoConfiguration, org.springframework.boot.test.autoconfigure.web.servlet.MockMvcWebClientAutoConfiguration, org.springframework.boot.test.autoconfigure.web.servlet.MockMvcWebDriverAutoConfiguration, org.springframework.boot.autoconfigure.security.oauth2.client.servlet.OAuth2ClientAutoConfiguration, org.springframework.boot.autoconfigure.security.oauth2.resource.servlet.OAuth2ResourceServerAutoConfiguration, org.springframework.boot.autoconfigure.security.servlet.SecurityAutoConfiguration, org.springframework.boot.autoconfigure.security.servlet.SecurityFilterAutoConfiguration, org.springframework.boot.autoconfigure.security.servlet.UserDetailsServiceAutoConfiguration, org.springframework.boot.test.autoconfigure.web.servlet.MockMvcSecurityConfiguration]], org.springframework.boot.test.context.filter.ExcludeFilterContextCustomizer@21f9c6ea, org.springframework.boot.test.json.DuplicateJsonObjectContextCustomizerFactory$DuplicateJsonObjectContextCustomizer@68aec50, org.springframework.boot.test.mock.mockito.MockitoContextCustomizer@756295, org.springframework.boot.test.context.SpringBootTestArgs@1, org.springframework.boot.test.context.SpringBootTestWebEnvironment@0], resourceBasePath = 'src/main/webapp', contextLoader = 'org.springframework.boot.test.context.SpringBootContextLoader', parent = [null]], attributes = map[[empty]]], class annotated with @DirtiesContext [false] with mode [null].
14:27:09.484 [Test worker] DEBUG org.springframework.test.context.support.TestPropertySourceUtils - Adding inlined properties to environment: {spring.jmx.enabled=false, org.springframework.boot.test.autoconfigure.web.servlet.WebMvcTestContextBootstrapper=true}

  .   ____          _            __ _ _
 /\\ / ___'_ __ _ _(_)_ __  __ _ \ \ \ \
( ( )\___ | '_ | '_| | '_ \/ _` | \ \ \ \
 \\/  ___)| |_)| | | | | || (_| |  ) ) ) )
  '  |____| .__|_| |_|_| |_\__, | / / / /
 =========|_|==============|___/=/_/_/_/
 :: Spring Boot ::                (v2.5.4)

2021-09-23 14:27:10.442  INFO 19272 --- [    Test worker] t.g.controller.GpsUtilApiControllerTest  : Starting GpsUtilApiControllerTest using Java 1.8.0_151 on PO531436 with PID 19272 (started by S562587 in C:\Git\P8-GPSUtilAPI)
2021-09-23 14:27:10.443 DEBUG 19272 --- [    Test worker] t.g.controller.GpsUtilApiControllerTest  : Running with Spring Boot v2.5.4, Spring v5.3.9
2021-09-23 14:27:10.446  INFO 19272 --- [    Test worker] t.g.controller.GpsUtilApiControllerTest  : No active profile set, falling back to default profiles: default
2021-09-23 14:27:13.644  INFO 19272 --- [    Test worker] o.s.b.t.m.w.SpringBootMockServletContext : Initializing Spring TestDispatcherServlet ''
2021-09-23 14:27:13.644  INFO 19272 --- [    Test worker] o.s.t.web.servlet.TestDispatcherServlet  : Initializing Servlet ''
2021-09-23 14:27:13.647  INFO 19272 --- [    Test worker] o.s.t.web.servlet.TestDispatcherServlet  : Completed initialization in 2 ms
2021-09-23 14:27:13.702  INFO 19272 --- [    Test worker] t.g.controller.GpsUtilApiControllerTest  : Started GpsUtilApiControllerTest in 4.199 seconds (JVM running for 8.348)
2021-09-23 14:27:13.921 DEBUG 19272 --- [    Test worker] t.g.controller.GpsUtilApiController      : GET request /userLocation received for userId: 57308d08-47ce-41f9-a013-8bd02721bd32

MockHttpServletRequest:
      HTTP Method = GET
      Request URI = /userLocation
       Parameters = {userId=[57308d08-47ce-41f9-a013-8bd02721bd32]}
          Headers = [Content-Type:"application/json;charset=UTF-8"]
             Body = null
    Session Attrs = {}

Handler:
             Type = tourGuide.gpsUtilAPI.controller.GpsUtilApiController
           Method = tourGuide.gpsUtilAPI.controller.GpsUtilApiController#getUserLocation(UUID)

Async:
    Async started = false
     Async result = null

Resolved Exception:
             Type = null

ModelAndView:
        View name = null
             View = null
            Model = null

FlashMap:
       Attributes = null

MockHttpServletResponse:
           Status = 200
    Error message = null
          Headers = [Content-Type:"application/json"]
     Content type = application/json
             Body = {"userId":"57308d08-47ce-41f9-a013-8bd02721bd32","location":{"longitude":2.352222,"latitude":48.856614},"timeVisited":"2021-09-23T12:27:13.748+00:00"}
    Forwarded URL = null
   Redirected URL = null
          Cookies = []
2021-09-23 14:27:14.301 DEBUG 19272 --- [    Test worker] t.g.controller.GpsUtilApiController      : GET request /attractions received

MockHttpServletRequest:
      HTTP Method = GET
      Request URI = /attractions
       Parameters = {}
          Headers = [Content-Type:"application/json;charset=UTF-8"]
             Body = null
    Session Attrs = {}

Handler:
             Type = tourGuide.gpsUtilAPI.controller.GpsUtilApiController
           Method = tourGuide.gpsUtilAPI.controller.GpsUtilApiController#getAttractions()

Async:
    Async started = false
     Async result = null

Resolved Exception:
             Type = null

ModelAndView:
        View name = null
             View = null
            Model = null

FlashMap:
       Attributes = null

MockHttpServletResponse:
           Status = 200
    Error message = null
          Headers = [Content-Type:"application/json"]
     Content type = application/json
             Body = [{"longitude":-74.005941,"latitude":40.712784,"attractionName":"MoMA","city":"New York City","state":"New York","attractionId":"7b1a74b6-8922-4a80-bf2b-18fa23ab1a8b"},{"longitude":2.352222,"latitude":48.856614,"attractionName":"Louvre","city":"Paris","state":"France","attractionId":"cb7e84b6-31d0-4c1f-b95e-3f9311e5daa0"}]
    Forwarded URL = null
   Redirected URL = null
          Cookies = []
]]></system-out>
  <system-err><![CDATA[]]></system-err>
</testsuite>
