<?xml version="1.0" encoding="UTF-8"?>
<testsuite name="tourGuide.gpsUtilAPI.GpsUtilApiApplicationTests" tests="1" skipped="0" failures="0" errors="0" timestamp="2021-09-23T12:27:19" hostname="PO531436" time="0.008">
  <properties/>
  <testcase name="contextLoads()" classname="tourGuide.gpsUtilAPI.GpsUtilApiApplicationTests" time="0.008"/>
  <system-out><![CDATA[2021-09-23 14:27:14.352  INFO 19272 --- [    Test worker] .b.t.c.SpringBootTestContextBootstrapper : Neither @ContextConfiguration nor @ContextHierarchy found for test class [tourGuide.gpsUtilAPI.GpsUtilApiApplicationTests], using SpringBootContextLoader
2021-09-23 14:27:14.357  INFO 19272 --- [    Test worker] o.s.t.c.support.AbstractContextLoader    : Could not detect default resource locations for test class [tourGuide.gpsUtilAPI.GpsUtilApiApplicationTests]: no resource found for suffixes {-context.xml, Context.groovy}.
2021-09-23 14:27:14.358  INFO 19272 --- [    Test worker] t.c.s.AnnotationConfigContextLoaderUtils : Could not detect default configuration classes for test class [tourGuide.gpsUtilAPI.GpsUtilApiApplicationTests]: GpsUtilApiApplicationTests does not declare any static, non-private, non-final, nested classes annotated with @Configuration.
2021-09-23 14:27:14.377  INFO 19272 --- [    Test worker] .b.t.c.SpringBootTestContextBootstrapper : Found @SpringBootConfiguration tourGuide.gpsUtilAPI.GpsUtilApiApplication for test class tourGuide.gpsUtilAPI.GpsUtilApiApplicationTests
2021-09-23 14:27:14.388  INFO 19272 --- [    Test worker] .b.t.c.SpringBootTestContextBootstrapper : Loaded default TestExecutionListener class names from location [META-INF/spring.factories]: [org.springframework.boot.test.autoconfigure.restdocs.RestDocsTestExecutionListener, org.springframework.boot.test.autoconfigure.web.client.MockRestServiceServerResetTestExecutionListener, org.springframework.boot.test.autoconfigure.web.servlet.MockMvcPrintOnlyOnFailureTestExecutionListener, org.springframework.boot.test.autoconfigure.web.servlet.WebDriverTestExecutionListener, org.springframework.boot.test.autoconfigure.webservices.client.MockWebServiceServerTestExecutionListener, org.springframework.boot.test.mock.mockito.MockitoTestExecutionListener, org.springframework.boot.test.mock.mockito.ResetMocksTestExecutionListener, org.springframework.test.context.web.ServletTestExecutionListener, org.springframework.test.context.support.DirtiesContextBeforeModesTestExecutionListener, org.springframework.test.context.event.ApplicationEventsTestExecutionListener, org.springframework.test.context.support.DependencyInjectionTestExecutionListener, org.springframework.test.context.support.DirtiesContextTestExecutionListener, org.springframework.test.context.transaction.TransactionalTestExecutionListener, org.springframework.test.context.jdbc.SqlScriptsTestExecutionListener, org.springframework.test.context.event.EventPublishingTestExecutionListener]
2021-09-23 14:27:14.393  INFO 19272 --- [    Test worker] .b.t.c.SpringBootTestContextBootstrapper : Using TestExecutionListeners: [org.springframework.test.context.web.ServletTestExecutionListener@1393dd72, org.springframework.test.context.support.DirtiesContextBeforeModesTestExecutionListener@39c1ba8b, org.springframework.test.context.event.ApplicationEventsTestExecutionListener@25d03e6, org.springframework.boot.test.mock.mockito.MockitoTestExecutionListener@61e8e00b, org.springframework.boot.test.autoconfigure.SpringBootDependencyInjectionTestExecutionListener@6c9dd909, org.springframework.test.context.support.DirtiesContextTestExecutionListener@58bc23f3, org.springframework.test.context.event.EventPublishingTestExecutionListener@32945931, org.springframework.boot.test.autoconfigure.restdocs.RestDocsTestExecutionListener@145a0fd0, org.springframework.boot.test.autoconfigure.web.client.MockRestServiceServerResetTestExecutionListener@168dc9c3, org.springframework.boot.test.autoconfigure.web.servlet.MockMvcPrintOnlyOnFailureTestExecutionListener@2f97c35a, org.springframework.boot.test.autoconfigure.web.servlet.WebDriverTestExecutionListener@3f5a4a48, org.springframework.boot.test.autoconfigure.webservices.client.MockWebServiceServerTestExecutionListener@7bbaf6fc, org.springframework.boot.test.mock.mockito.ResetMocksTestExecutionListener@381eb99]

  .   ____          _            __ _ _
 /\\ / ___'_ __ _ _(_)_ __  __ _ \ \ \ \
( ( )\___ | '_ | '_| | '_ \/ _` | \ \ \ \
 \\/  ___)| |_)| | | | | || (_| |  ) ) ) )
  '  |____| .__|_| |_|_| |_\__, | / / / /
 =========|_|==============|___/=/_/_/_/
 :: Spring Boot ::                (v2.5.4)

2021-09-23 14:27:14.499  INFO 19272 --- [    Test worker] t.gpsUtilAPI.GpsUtilApiApplicationTests  : Starting GpsUtilApiApplicationTests using Java 1.8.0_151 on PO531436 with PID 19272 (started by S562587 in C:\Git\P8-GPSUtilAPI)
2021-09-23 14:27:14.499 DEBUG 19272 --- [    Test worker] t.gpsUtilAPI.GpsUtilApiApplicationTests  : Running with Spring Boot v2.5.4, Spring v5.3.9
2021-09-23 14:27:14.501  INFO 19272 --- [    Test worker] t.gpsUtilAPI.GpsUtilApiApplicationTests  : No active profile set, falling back to default profiles: default
2021-09-23 14:27:19.644  INFO 19272 --- [    Test worker] t.gpsUtilAPI.GpsUtilApiApplicationTests  : Started GpsUtilApiApplicationTests in 5.245 seconds (JVM running for 14.29)
]]></system-out>
  <system-err><![CDATA[]]></system-err>
</testsuite>
